{"meta": {"format": 3, "version": "7.11.0", "timestamp": "2025-10-30T20:31:38.436197", "branch_coverage": false, "show_contexts": false}, "files": {"app/__init__.py": {"executed_lines": [1, 3, 4, 5, 8, 9, 11, 14, 15, 17, 21, 22, 24, 28, 29, 31, 35, 36, 38, 43, 46, 47, 51, 52, 56, 57, 62, 68, 69, 70, 71, 72, 73, 74, 76, 77, 78, 81, 82, 83, 86, 89, 92, 123, 127, 135, 138, 145, 147, 149, 160, 162, 163, 165, 170, 172, 181, 182, 183, 205, 207, 213, 215, 218, 221, 222, 225, 228, 231, 234, 237, 240, 245, 246, 249, 251, 254, 256, 259, 261, 264, 266, 269, 271, 272, 275, 277, 279], "summary": {"covered_lines": 87, "num_statements": 107, "percent_covered": 81.30841121495327, "percent_covered_display": "81", "missing_lines": 20, "excluded_lines": 0}, "missing_lines": [18, 19, 25, 26, 32, 33, 39, 40, 49, 54, 59, 139, 142, 185, 186, 189, 191, 200, 201, 202], "excluded_lines": [], "functions": {"_setup_middleware": {"executed_lines": [68, 69, 70, 71, 72, 73, 74, 76, 77, 78, 81, 82, 86, 89], "summary": {"covered_lines": 14, "num_statements": 14, "percent_covered": 100.0, "percent_covered_display": "100", "missing_lines": 0, "excluded_lines": 0}, "missing_lines": [], "excluded_lines": []}, "_setup_middleware.setup_tenant_for_request": {"executed_lines": [83], "summary": {"covered_lines": 1, "num_statements": 1, "percent_covered": 100.0, "percent_covered_display": "100", "missing_lines": 0, "excluded_lines": 0}, "missing_lines": [], "excluded_lines": []}, "_initialize_critical_service": {"executed_lines": [123, 127, 135, 138, 145, 147, 149, 160, 162, 163, 165, 170, 172, 181, 182, 183], "summary": {"covered_lines": 16, "num_statements": 25, "percent_covered": 64.0, "percent_covered_display": "64", "missing_lines": 9, "excluded_lines": 0}, "missing_lines": [139, 142, 185, 186, 189, 191, 200, 201, 202], "excluded_lines": []}, "create_app": {"executed_lines": [207, 213, 215, 218, 221, 222, 225, 228, 231, 234, 237, 240, 245, 246, 249, 251, 254, 256, 259, 261, 264, 266, 269, 271, 272, 275, 277, 279], "summary": {"covered_lines": 28, "num_statements": 28, "percent_covered": 100.0, "percent_covered_display": "100", "missing_lines": 0, "excluded_lines": 0}, "missing_lines": [], "excluded_lines": []}, "": {"executed_lines": [1, 3, 4, 5, 8, 9, 11, 14, 15, 17, 21, 22, 24, 28, 29, 31, 35, 36, 38, 43, 46, 47, 51, 52, 56, 57, 62, 92, 205], "summary": {"covered_lines": 28, "num_statements": 39, "percent_covered": 71.7948717948718, "percent_covered_display": "72", "missing_lines": 11, "excluded_lines": 0}, "missing_lines": [18, 19, 25, 26, 32, 33, 39, 40, 49, 54, 59], "excluded_lines": []}}, "classes": {"": {"executed_lines": [1, 3, 4, 5, 8, 9, 11, 14, 15, 17, 21, 22, 24, 28, 29, 31, 35, 36, 38, 43, 46, 47, 51, 52, 56, 57, 62, 68, 69, 70, 71, 72, 73, 74, 76, 77, 78, 81, 82, 83, 86, 89, 92, 123, 127, 135, 138, 145, 147, 149, 160, 162, 163, 165, 170, 172, 181, 182, 183, 205, 207, 213, 215, 218, 221, 222, 225, 228, 231, 234, 237, 240, 245, 246, 249, 251, 254, 256, 259, 261, 264, 266, 269, 271, 272, 275, 277, 279], "summary": {"covered_lines": 87, "num_statements": 107, "percent_covered": 81.30841121495327, "percent_covered_display": "81", "missing_lines": 20, "excluded_lines": 0}, "missing_lines": [18, 19, 25, 26, 32, 33, 39, 40, 49, 54, 59, 139, 142, 185, 186, 189, 191, 200, 201, 202], "excluded_lines": []}}}, "app/blueprint_registration.py": {"executed_lines": [1, 3, 4, 6, 7, 8, 11, 21, 23, 24, 27, 42, 43, 50, 51, 56, 57, 62, 67, 69, 72, 82, 83, 84, 85, 94, 106, 107, 108, 109], "summary": {"covered_lines": 29, "num_statements": 40, "percent_covered": 72.5, "percent_covered_display": "72", "missing_lines": 11, "excluded_lines": 0}, "missing_lines": [53, 59, 86, 87, 88, 89, 90, 91, 114, 118, 119], "excluded_lines": [], "functions": {"register_all_blueprints": {"executed_lines": [21, 23, 24, 27, 42, 43, 50, 51, 56, 57, 62, 67, 69], "summary": {"covered_lines": 13, "num_statements": 15, "percent_covered": 86.66666666666667, "percent_covered_display": "87", "missing_lines": 2, "excluded_lines": 0}, "missing_lines": [53, 59], "excluded_lines": []}, "_register_opcua_monitoring": {"executed_lines": [82, 83, 84, 85], "summary": {"covered_lines": 4, "num_statements": 10, "percent_covered": 40.0, "percent_covered_display": "40", "missing_lines": 6, "excluded_lines": 0}, "missing_lines": [86, 87, 88, 89, 90, 91], "excluded_lines": []}, "_verify_blueprint_registration": {"executed_lines": [106, 107, 108, 109], "summary": {"covered_lines": 4, "num_statements": 7, "percent_covered": 57.142857142857146, "percent_covered_display": "57", "missing_lines": 3, "excluded_lines": 0}, "missing_lines": [114, 118, 119], "excluded_lines": []}, "": {"executed_lines": [1, 3, 4, 6, 7, 8, 11, 72, 94], "summary": {"covered_lines": 8, "num_statements": 8, "percent_covered": 100.0, "percent_covered_display": "100", "missing_lines": 0, "excluded_lines": 0}, "missing_lines": [], "excluded_lines": []}}, "classes": {"": {"executed_lines": [1, 3, 4, 6, 7, 8, 11, 21, 23, 24, 27, 42, 43, 50, 51, 56, 57, 62, 67, 69, 72, 82, 83, 84, 85, 94, 106, 107, 108, 109], "summary": {"covered_lines": 29, "num_statements": 40, "percent_covered": 72.5, "percent_covered_display": "72", "missing_lines": 11, "excluded_lines": 0}, "missing_lines": [53, 59, 86, 87, 88, 89, 90, 91, 114, 118, 119], "excluded_lines": []}}}, "app/branch_reduction.py": {"executed_lines": [1, 8, 9, 12, 13, 15, 16, 40, 41, 42, 43, 45, 46, 61, 62, 63, 64, 66, 67, 82, 83, 84, 85, 86, 87, 88, 89, 90, 91, 92, 95, 111, 112, 113, 114, 115, 116, 120, 121, 125, 127, 130, 146, 147, 148, 149, 150, 151, 152, 154], "summary": {"covered_lines": 48, "num_statements": 48, "percent_covered": 100.0, "percent_covered_display": "100", "missing_lines": 0, "excluded_lines": 0}, "missing_lines": [], "excluded_lines": [], "functions": {"BranchReducer.lookup_pattern": {"executed_lines": [40, 41, 42, 43], "summary": {"covered_lines": 4, "num_statements": 4, "percent_covered": 100.0, "percent_covered_display": "100", "missing_lines": 0, "excluded_lines": 0}, "missing_lines": [], "excluded_lines": []}, "BranchReducer.guard_clause_pattern": {"executed_lines": [61, 62, 63, 64], "summary": {"covered_lines": 4, "num_statements": 4, "percent_covered": 100.0, "percent_covered_display": "100", "missing_lines": 0, "excluded_lines": 0}, "missing_lines": [], "excluded_lines": []}, "BranchReducer.chain_of_responsibility": {"executed_lines": [82, 83, 84, 85, 86, 87, 88, 89, 90, 91, 92], "summary": {"covered_lines": 11, "num_statements": 11, "percent_covered": 100.0, "percent_covered_display": "100", "missing_lines": 0, "excluded_lines": 0}, "missing_lines": [], "excluded_lines": []}, "create_status_checker": {"executed_lines": [111, 127], "summary": {"covered_lines": 2, "num_statements": 2, "percent_covered": 100.0, "percent_covered_display": "100", "missing_lines": 0, "excluded_lines": 0}, "missing_lines": [], "excluded_lines": []}, "create_status_checker.check_all_status": {"executed_lines": [112, 113, 114, 115, 116, 120, 121, 125], "summary": {"covered_lines": 8, "num_statements": 8, "percent_covered": 100.0, "percent_covered_display": "100", "missing_lines": 0, "excluded_lines": 0}, "missing_lines": [], "excluded_lines": []}, "create_validator_chain": {"executed_lines": [146, 154], "summary": {"covered_lines": 2, "num_statements": 2, "percent_covered": 100.0, "percent_covered_display": "100", "missing_lines": 0, "excluded_lines": 0}, "missing_lines": [], "excluded_lines": []}, "create_validator_chain.validate_all": {"executed_lines": [147, 148, 149, 150, 151, 152], "summary": {"covered_lines": 6, "num_statements": 6, "percent_covered": 100.0, "percent_covered_display": "100", "missing_lines": 0, "excluded_lines": 0}, "missing_lines": [], "excluded_lines": []}, "": {"executed_lines": [1, 8, 9, 12, 13, 15, 16, 45, 46, 66, 67, 95, 130], "summary": {"covered_lines": 11, "num_statements": 11, "percent_covered": 100.0, "percent_covered_display": "100", "missing_lines": 0, "excluded_lines": 0}, "missing_lines": [], "excluded_lines": []}}, "classes": {"BranchReducer": {"executed_lines": [40, 41, 42, 43, 61, 62, 63, 64, 82, 83, 84, 85, 86, 87, 88, 89, 90, 91, 92], "summary": {"covered_lines": 19, "num_statements": 19, "percent_covered": 100.0, "percent_covered_display": "100", "missing_lines": 0, "excluded_lines": 0}, "missing_lines": [], "excluded_lines": []}, "": {"executed_lines": [1, 8, 9, 12, 13, 15, 16, 45, 46, 66, 67, 95, 111, 112, 113, 114, 115, 116, 120, 121, 125, 127, 130, 146, 147, 148, 149, 150, 151, 152, 154], "summary": {"covered_lines": 29, "num_statements": 29, "percent_covered": 100.0, "percent_covered_display": "100", "missing_lines": 0, "excluded_lines": 0}, "missing_lines": [], "excluded_lines": []}}}, "app/config_init.py": {"executed_lines": [1, 3, 4, 5, 7, 10, 20, 21, 23, 25, 31, 32, 33, 34, 36, 39, 49, 50, 52, 54, 57, 63, 69, 72, 73, 75, 76, 79, 85, 86, 88, 99, 105, 106, 108, 109, 111, 133, 134, 142, 147, 148, 160, 166, 167, 169, 170, 172, 173, 174], "summary": {"covered_lines": 49, "num_statements": 61, "percent_covered": 80.32786885245902, "percent_covered_display": "80", "missing_lines": 12, "excluded_lines": 0}, "missing_lines": [95, 96, 135, 136, 137, 138, 139, 156, 157, 175, 176, 177], "excluded_lines": [], "functions": {"determine_config_name": {"executed_lines": [20, 21, 23, 25, 31, 32, 33, 34, 36], "summary": {"covered_lines": 9, "num_statements": 9, "percent_covered": 100.0, "percent_covered_display": "100", "missing_lines": 0, "excluded_lines": 0}, "missing_lines": [], "excluded_lines": []}, "load_config_object": {"executed_lines": [49, 50, 52, 54], "summary": {"covered_lines": 4, "num_statements": 4, "percent_covered": 100.0, "percent_covered_display": "100", "missing_lines": 0, "excluded_lines": 0}, "missing_lines": [], "excluded_lines": []}, "initialize_core_extensions": {"executed_lines": [63, 69, 72, 73, 75, 76], "summary": {"covered_lines": 6, "num_statements": 6, "percent_covered": 100.0, "percent_covered_display": "100", "missing_lines": 0, "excluded_lines": 0}, "missing_lines": [], "excluded_lines": []}, "configure_cors": {"executed_lines": [85, 86, 88], "summary": {"covered_lines": 3, "num_statements": 5, "percent_covered": 60.0, "percent_covered_display": "60", "missing_lines": 2, "excluded_lines": 0}, "missing_lines": [95, 96], "excluded_lines": []}, "initialize_swagger": {"executed_lines": [105, 106, 108, 109, 111, 133, 134], "summary": {"covered_lines": 7, "num_statements": 12, "percent_covered": 58.333333333333336, "percent_covered_display": "58", "missing_lines": 5, "excluded_lines": 0}, "missing_lines": [135, 136, 137, 138, 139], "excluded_lines": []}, "import_models": {"executed_lines": [147, 148], "summary": {"covered_lines": 2, "num_statements": 4, "percent_covered": 50.0, "percent_covered_display": "50", "missing_lines": 2, "excluded_lines": 0}, "missing_lines": [156, 157], "excluded_lines": []}, "run_auto_migrations": {"executed_lines": [166, 167, 169, 170, 172, 173, 174], "summary": {"covered_lines": 7, "num_statements": 10, "percent_covered": 70.0, "percent_covered_display": "70", "missing_lines": 3, "excluded_lines": 0}, "missing_lines": [175, 176, 177], "excluded_lines": []}, "": {"executed_lines": [1, 3, 4, 5, 7, 10, 39, 57, 79, 99, 142, 160], "summary": {"covered_lines": 11, "num_statements": 11, "percent_covered": 100.0, "percent_covered_display": "100", "missing_lines": 0, "excluded_lines": 0}, "missing_lines": [], "excluded_lines": []}}, "classes": {"": {"executed_lines": [1, 3, 4, 5, 7, 10, 20, 21, 23, 25, 31, 32, 33, 34, 36, 39, 49, 50, 52, 54, 57, 63, 69, 72, 73, 75, 76, 79, 85, 86, 88, 99, 105, 106, 108, 109, 111, 133, 134, 142, 147, 148, 160, 166, 167, 169, 170, 172, 173, 174], "summary": {"covered_lines": 49, "num_statements": 61, "percent_covered": 80.32786885245902, "percent_covered_display": "80", "missing_lines": 12, "excluded_lines": 0}, "missing_lines": [95, 96, 135, 136, 137, 138, 139, 156, 157, 175, 176, 177], "excluded_lines": []}}}, "app/exceptions.py": {"executed_lines": [1, 16, 19, 20, 33, 41, 42, 43, 44, 45, 51, 52, 54, 55, 63, 64, 66, 67, 72, 75, 76, 78, 79, 82, 83, 85, 86, 94, 95, 97, 98, 99, 100, 101, 107, 108, 111, 112, 114, 115, 116, 118, 120, 127, 132, 133, 135, 136, 139, 140, 142, 143, 146, 147, 149, 150, 156, 157, 159, 160, 166, 167, 170, 171, 173, 180, 181, 183, 185, 186, 189, 190, 192, 193, 194, 195, 201, 202, 204, 205, 212, 215, 216, 218, 219, 222, 223, 225, 226, 227, 228, 231, 234, 235, 237, 238, 241, 242, 244, 245, 246, 247, 248, 251, 252, 254, 255, 258, 259, 261, 262, 268, 269, 271, 272, 279, 282, 283, 285, 286, 287, 290, 291, 293, 294, 302, 303, 305, 306, 309, 310, 312, 313, 314, 315, 321, 322, 324, 325, 331, 332, 335, 336, 338, 339, 340, 343, 344, 346, 347, 348, 349, 357, 358, 360, 361, 362, 365, 366, 368, 369, 370, 379, 380, 382, 383, 384, 393, 394, 396, 397, 398, 401, 402, 404, 405, 406, 415, 416, 418, 426, 430, 437], "summary": {"covered_lines": 147, "num_statements": 147, "percent_covered": 100.0, "percent_covered_display": "100", "missing_lines": 0, "excluded_lines": 0}, "missing_lines": [], "excluded_lines": [], "functions": {"ThermaCoreException.__init__": {"executed_lines": [41, 42, 43, 44, 45], "summary": {"covered_lines": 5, "num_statements": 5, "percent_covered": 100.0, "percent_covered_display": "100", "missing_lines": 0, "excluded_lines": 0}, "missing_lines": [], "excluded_lines": []}, "AuthenticationException.__init__": {"executed_lines": [55], "summary": {"covered_lines": 1, "num_statements": 1, "percent_covered": 100.0, "percent_covered_display": "100", "missing_lines": 0, "excluded_lines": 0}, "missing_lines": [], "excluded_lines": []}, "InvalidCredentialsException.__init__": {"executed_lines": [67, 72], "summary": {"covered_lines": 2, "num_statements": 2, "percent_covered": 100.0, "percent_covered_display": "100", "missing_lines": 0, "excluded_lines": 0}, "missing_lines": [], "excluded_lines": []}, "TokenExpiredException.__init__": {"executed_lines": [79], "summary": {"covered_lines": 1, "num_statements": 1, "percent_covered": 100.0, "percent_covered_display": "100", "missing_lines": 0, "excluded_lines": 0}, "missing_lines": [], "excluded_lines": []}, "AuthorizationException.__init__": {"executed_lines": [86], "summary": {"covered_lines": 1, "num_statements": 1, "percent_covered": 100.0, "percent_covered_display": "100", "missing_lines": 0, "excluded_lines": 0}, "missing_lines": [], "excluded_lines": []}, "InsufficientPermissionsException.__init__": {"executed_lines": [98, 99, 100, 101], "summary": {"covered_lines": 4, "num_statements": 4, "percent_covered": 100.0, "percent_covered_display": "100", "missing_lines": 0, "excluded_lines": 0}, "missing_lines": [], "excluded_lines": []}, "ResourceNotFoundException.__init__": {"executed_lines": [115, 116, 118, 120, 127], "summary": {"covered_lines": 5, "num_statements": 5, "percent_covered": 100.0, "percent_covered_display": "100", "missing_lines": 0, "excluded_lines": 0}, "missing_lines": [], "excluded_lines": []}, "UnitNotFoundException.__init__": {"executed_lines": [136], "summary": {"covered_lines": 1, "num_statements": 1, "percent_covered": 100.0, "percent_covered_display": "100", "missing_lines": 0, "excluded_lines": 0}, "missing_lines": [], "excluded_lines": []}, "SensorNotFoundException.__init__": {"executed_lines": [143], "summary": {"covered_lines": 1, "num_statements": 1, "percent_covered": 100.0, "percent_covered_display": "100", "missing_lines": 0, "excluded_lines": 0}, "missing_lines": [], "excluded_lines": []}, "UserNotFoundException.__init__": {"executed_lines": [150], "summary": {"covered_lines": 1, "num_statements": 1, "percent_covered": 100.0, "percent_covered_display": "100", "missing_lines": 0, "excluded_lines": 0}, "missing_lines": [], "excluded_lines": []}, "ValidationException.__init__": {"executed_lines": [160, 166, 167], "summary": {"covered_lines": 3, "num_statements": 3, "percent_covered": 100.0, "percent_covered_display": "100", "missing_lines": 0, "excluded_lines": 0}, "missing_lines": [], "excluded_lines": []}, "InvalidDataException.__init__": {"executed_lines": [180, 181, 183, 185, 186], "summary": {"covered_lines": 5, "num_statements": 5, "percent_covered": 100.0, "percent_covered_display": "100", "missing_lines": 0, "excluded_lines": 0}, "missing_lines": [], "excluded_lines": []}, "SensorReadingValidationException.__init__": {"executed_lines": [193, 194, 195], "summary": {"covered_lines": 3, "num_statements": 3, "percent_covered": 100.0, "percent_covered_display": "100", "missing_lines": 0, "excluded_lines": 0}, "missing_lines": [], "excluded_lines": []}, "ProtocolException.__init__": {"executed_lines": [205, 212], "summary": {"covered_lines": 2, "num_statements": 2, "percent_covered": 100.0, "percent_covered_display": "100", "missing_lines": 0, "excluded_lines": 0}, "missing_lines": [], "excluded_lines": []}, "MQTTException.__init__": {"executed_lines": [219], "summary": {"covered_lines": 1, "num_statements": 1, "percent_covered": 100.0, "percent_covered_display": "100", "missing_lines": 0, "excluded_lines": 0}, "missing_lines": [], "excluded_lines": []}, "MQTTConnectionException.__init__": {"executed_lines": [226, 227, 228, 231], "summary": {"covered_lines": 4, "num_statements": 4, "percent_covered": 100.0, "percent_covered_display": "100", "missing_lines": 0, "excluded_lines": 0}, "missing_lines": [], "excluded_lines": []}, "OPCUAException.__init__": {"executed_lines": [238], "summary": {"covered_lines": 1, "num_statements": 1, "percent_covered": 100.0, "percent_covered_display": "100", "missing_lines": 0, "excluded_lines": 0}, "missing_lines": [], "excluded_lines": []}, "OPCUAConnectionException.__init__": {"executed_lines": [245, 246, 247, 248], "summary": {"covered_lines": 4, "num_statements": 4, "percent_covered": 100.0, "percent_covered_display": "100", "missing_lines": 0, "excluded_lines": 0}, "missing_lines": [], "excluded_lines": []}, "ModbusException.__init__": {"executed_lines": [255], "summary": {"covered_lines": 1, "num_statements": 1, "percent_covered": 100.0, "percent_covered_display": "100", "missing_lines": 0, "excluded_lines": 0}, "missing_lines": [], "excluded_lines": []}, "DNP3Exception.__init__": {"executed_lines": [262], "summary": {"covered_lines": 1, "num_statements": 1, "percent_covered": 100.0, "percent_covered_display": "100", "missing_lines": 0, "excluded_lines": 0}, "missing_lines": [], "excluded_lines": []}, "ServiceException.__init__": {"executed_lines": [272, 279], "summary": {"covered_lines": 2, "num_statements": 2, "percent_covered": 100.0, "percent_covered_display": "100", "missing_lines": 0, "excluded_lines": 0}, "missing_lines": [], "excluded_lines": []}, "ServiceUnavailableException.__init__": {"executed_lines": [286, 287], "summary": {"covered_lines": 2, "num_statements": 2, "percent_covered": 100.0, "percent_covered_display": "100", "missing_lines": 0, "excluded_lines": 0}, "missing_lines": [], "excluded_lines": []}, "DatabaseException.__init__": {"executed_lines": [294], "summary": {"covered_lines": 1, "num_statements": 1, "percent_covered": 100.0, "percent_covered_display": "100", "missing_lines": 0, "excluded_lines": 0}, "missing_lines": [], "excluded_lines": []}, "DatabaseConnectionException.__init__": {"executed_lines": [306], "summary": {"covered_lines": 1, "num_statements": 1, "percent_covered": 100.0, "percent_covered_display": "100", "missing_lines": 0, "excluded_lines": 0}, "missing_lines": [], "excluded_lines": []}, "DatabaseIntegrityException.__init__": {"executed_lines": [313, 314, 315], "summary": {"covered_lines": 3, "num_statements": 3, "percent_covered": 100.0, "percent_covered_display": "100", "missing_lines": 0, "excluded_lines": 0}, "missing_lines": [], "excluded_lines": []}, "ConfigurationException.__init__": {"executed_lines": [325, 331, 332], "summary": {"covered_lines": 3, "num_statements": 3, "percent_covered": 100.0, "percent_covered_display": "100", "missing_lines": 0, "excluded_lines": 0}, "missing_lines": [], "excluded_lines": []}, "MissingConfigurationException.__init__": {"executed_lines": [339, 340], "summary": {"covered_lines": 2, "num_statements": 2, "percent_covered": 100.0, "percent_covered_display": "100", "missing_lines": 0, "excluded_lines": 0}, "missing_lines": [], "excluded_lines": []}, "TimeoutException.__init__": {"executed_lines": [347, 348, 349], "summary": {"covered_lines": 3, "num_statements": 3, "percent_covered": 100.0, "percent_covered_display": "100", "missing_lines": 0, "excluded_lines": 0}, "missing_lines": [], "excluded_lines": []}, "UnitException.__init__": {"executed_lines": [361, 362], "summary": {"covered_lines": 2, "num_statements": 2, "percent_covered": 100.0, "percent_covered_display": "100", "missing_lines": 0, "excluded_lines": 0}, "missing_lines": [], "excluded_lines": []}, "UnitOfflineException.__init__": {"executed_lines": [369, 370], "summary": {"covered_lines": 2, "num_statements": 2, "percent_covered": 100.0, "percent_covered_display": "100", "missing_lines": 0, "excluded_lines": 0}, "missing_lines": [], "excluded_lines": []}, "UnitMaintenanceException.__init__": {"executed_lines": [383, 384], "summary": {"covered_lines": 2, "num_statements": 2, "percent_covered": 100.0, "percent_covered_display": "100", "missing_lines": 0, "excluded_lines": 0}, "missing_lines": [], "excluded_lines": []}, "SensorException.__init__": {"executed_lines": [397, 398], "summary": {"covered_lines": 2, "num_statements": 2, "percent_covered": 100.0, "percent_covered_display": "100", "missing_lines": 0, "excluded_lines": 0}, "missing_lines": [], "excluded_lines": []}, "SensorInactiveException.__init__": {"executed_lines": [405, 406], "summary": {"covered_lines": 2, "num_statements": 2, "percent_covered": 100.0, "percent_covered_display": "100", "missing_lines": 0, "excluded_lines": 0}, "missing_lines": [], "excluded_lines": []}, "SensorOutOfRangeException.__init__": {"executed_lines": [426, 430, 437], "summary": {"covered_lines": 3, "num_statements": 3, "percent_covered": 100.0, "percent_covered_display": "100", "missing_lines": 0, "excluded_lines": 0}, "missing_lines": [], "excluded_lines": []}, "": {"executed_lines": [1, 16, 19, 20, 33, 51, 52, 54, 63, 64, 66, 75, 76, 78, 82, 83, 85, 94, 95, 97, 107, 108, 111, 112, 114, 132, 133, 135, 139, 140, 142, 146, 147, 149, 156, 157, 159, 170, 171, 173, 189, 190, 192, 201, 202, 204, 215, 216, 218, 222, 223, 225, 234, 235, 237, 241, 242, 244, 251, 252, 254, 258, 259, 261, 268, 269, 271, 282, 283, 285, 290, 291, 293, 302, 303, 305, 309, 310, 312, 321, 322, 324, 335, 336, 338, 343, 344, 346, 357, 358, 360, 365, 366, 368, 379, 380, 382, 393, 394, 396, 401, 402, 404, 415, 416, 418], "summary": {"covered_lines": 70, "num_statements": 70, "percent_covered": 100.0, "percent_covered_display": "100", "missing_lines": 0, "excluded_lines": 0}, "missing_lines": [], "excluded_lines": []}}, "classes": {"ThermaCoreException": {"executed_lines": [41, 42, 43, 44, 45], "summary": {"covered_lines": 5, "num_statements": 5, "percent_covered": 100.0, "percent_covered_display": "100", "missing_lines": 0, "excluded_lines": 0}, "missing_lines": [], "excluded_lines": []}, "AuthenticationException": {"executed_lines": [55], "summary": {"covered_lines": 1, "num_statements": 1, "percent_covered": 100.0, "percent_covered_display": "100", "missing_lines": 0, "excluded_lines": 0}, "missing_lines": [], "excluded_lines": []}, "InvalidCredentialsException": {"executed_lines": [67, 72], "summary": {"covered_lines": 2, "num_statements": 2, "percent_covered": 100.0, "percent_covered_display": "100", "missing_lines": 0, "excluded_lines": 0}, "missing_lines": [], "excluded_lines": []}, "TokenExpiredException": {"executed_lines": [79], "summary": {"covered_lines": 1, "num_statements": 1, "percent_covered": 100.0, "percent_covered_display": "100", "missing_lines": 0, "excluded_lines": 0}, "missing_lines": [], "excluded_lines": []}, "AuthorizationException": {"executed_lines": [86], "summary": {"covered_lines": 1, "num_statements": 1, "percent_covered": 100.0, "percent_covered_display": "100", "missing_lines": 0, "excluded_lines": 0}, "missing_lines": [], "excluded_lines": []}, "InsufficientPermissionsException": {"executed_lines": [98, 99, 100, 101], "summary": {"covered_lines": 4, "num_statements": 4, "percent_covered": 100.0, "percent_covered_display": "100", "missing_lines": 0, "excluded_lines": 0}, "missing_lines": [], "excluded_lines": []}, "ResourceException": {"executed_lines": [], "summary": {"covered_lines": 0, "num_statements": 0, "percent_covered": 100.0, "percent_covered_display": "100", "missing_lines": 0, "excluded_lines": 0}, "missing_lines": [], "excluded_lines": []}, "ResourceNotFoundException": {"executed_lines": [115, 116, 118, 120, 127], "summary": {"covered_lines": 5, "num_statements": 5, "percent_covered": 100.0, "percent_covered_display": "100", "missing_lines": 0, "excluded_lines": 0}, "missing_lines": [], "excluded_lines": []}, "UnitNotFoundException": {"executed_lines": [136], "summary": {"covered_lines": 1, "num_statements": 1, "percent_covered": 100.0, "percent_covered_display": "100", "missing_lines": 0, "excluded_lines": 0}, "missing_lines": [], "excluded_lines": []}, "SensorNotFoundException": {"executed_lines": [143], "summary": {"covered_lines": 1, "num_statements": 1, "percent_covered": 100.0, "percent_covered_display": "100", "missing_lines": 0, "excluded_lines": 0}, "missing_lines": [], "excluded_lines": []}, "UserNotFoundException": {"executed_lines": [150], "summary": {"covered_lines": 1, "num_statements": 1, "percent_covered": 100.0, "percent_covered_display": "100", "missing_lines": 0, "excluded_lines": 0}, "missing_lines": [], "excluded_lines": []}, "ValidationException": {"executed_lines": [160, 166, 167], "summary": {"covered_lines": 3, "num_statements": 3, "percent_covered": 100.0, "percent_covered_display": "100", "missing_lines": 0, "excluded_lines": 0}, "missing_lines": [], "excluded_lines": []}, "InvalidDataException": {"executed_lines": [180, 181, 183, 185, 186], "summary": {"covered_lines": 5, "num_statements": 5, "percent_covered": 100.0, "percent_covered_display": "100", "missing_lines": 0, "excluded_lines": 0}, "missing_lines": [], "excluded_lines": []}, "SensorReadingValidationException": {"executed_lines": [193, 194, 195], "summary": {"covered_lines": 3, "num_statements": 3, "percent_covered": 100.0, "percent_covered_display": "100", "missing_lines": 0, "excluded_lines": 0}, "missing_lines": [], "excluded_lines": []}, "ProtocolException": {"executed_lines": [205, 212], "summary": {"covered_lines": 2, "num_statements": 2, "percent_covered": 100.0, "percent_covered_display": "100", "missing_lines": 0, "excluded_lines": 0}, "missing_lines": [], "excluded_lines": []}, "MQTTException": {"executed_lines": [219], "summary": {"covered_lines": 1, "num_statements": 1, "percent_covered": 100.0, "percent_covered_display": "100", "missing_lines": 0, "excluded_lines": 0}, "missing_lines": [], "excluded_lines": []}, "MQTTConnectionException": {"executed_lines": [226, 227, 228, 231], "summary": {"covered_lines": 4, "num_statements": 4, "percent_covered": 100.0, "percent_covered_display": "100", "missing_lines": 0, "excluded_lines": 0}, "missing_lines": [], "excluded_lines": []}, "OPCUAException": {"executed_lines": [238], "summary": {"covered_lines": 1, "num_statements": 1, "percent_covered": 100.0, "percent_covered_display": "100", "missing_lines": 0, "excluded_lines": 0}, "missing_lines": [], "excluded_lines": []}, "OPCUAConnectionException": {"executed_lines": [245, 246, 247, 248], "summary": {"covered_lines": 4, "num_statements": 4, "percent_covered": 100.0, "percent_covered_display": "100", "missing_lines": 0, "excluded_lines": 0}, "missing_lines": [], "excluded_lines": []}, "ModbusException": {"executed_lines": [255], "summary": {"covered_lines": 1, "num_statements": 1, "percent_covered": 100.0, "percent_covered_display": "100", "missing_lines": 0, "excluded_lines": 0}, "missing_lines": [], "excluded_lines": []}, "DNP3Exception": {"executed_lines": [262], "summary": {"covered_lines": 1, "num_statements": 1, "percent_covered": 100.0, "percent_covered_display": "100", "missing_lines": 0, "excluded_lines": 0}, "missing_lines": [], "excluded_lines": []}, "ServiceException": {"executed_lines": [272, 279], "summary": {"covered_lines": 2, "num_statements": 2, "percent_covered": 100.0, "percent_covered_display": "100", "missing_lines": 0, "excluded_lines": 0}, "missing_lines": [], "excluded_lines": []}, "ServiceUnavailableException": {"executed_lines": [286, 287], "summary": {"covered_lines": 2, "num_statements": 2, "percent_covered": 100.0, "percent_covered_display": "100", "missing_lines": 0, "excluded_lines": 0}, "missing_lines": [], "excluded_lines": []}, "DatabaseException": {"executed_lines": [294], "summary": {"covered_lines": 1, "num_statements": 1, "percent_covered": 100.0, "percent_covered_display": "100", "missing_lines": 0, "excluded_lines": 0}, "missing_lines": [], "excluded_lines": []}, "DatabaseConnectionException": {"executed_lines": [306], "summary": {"covered_lines": 1, "num_statements": 1, "percent_covered": 100.0, "percent_covered_display": "100", "missing_lines": 0, "excluded_lines": 0}, "missing_lines": [], "excluded_lines": []}, "DatabaseIntegrityException": {"executed_lines": [313, 314, 315], "summary": {"covered_lines": 3, "num_statements": 3, "percent_covered": 100.0, "percent_covered_display": "100", "missing_lines": 0, "excluded_lines": 0}, "missing_lines": [], "excluded_lines": []}, "ConfigurationException": {"executed_lines": [325, 331, 332], "summary": {"covered_lines": 3, "num_statements": 3, "percent_covered": 100.0, "percent_covered_display": "100", "missing_lines": 0, "excluded_lines": 0}, "missing_lines": [], "excluded_lines": []}, "MissingConfigurationException": {"executed_lines": [339, 340], "summary": {"covered_lines": 2, "num_statements": 2, "percent_covered": 100.0, "percent_covered_display": "100", "missing_lines": 0, "excluded_lines": 0}, "missing_lines": [], "excluded_lines": []}, "TimeoutException": {"executed_lines": [347, 348, 349], "summary": {"covered_lines": 3, "num_statements": 3, "percent_covered": 100.0, "percent_covered_display": "100", "missing_lines": 0, "excluded_lines": 0}, "missing_lines": [], "excluded_lines": []}, "UnitException": {"executed_lines": [361, 362], "summary": {"covered_lines": 2, "num_statements": 2, "percent_covered": 100.0, "percent_covered_display": "100", "missing_lines": 0, "excluded_lines": 0}, "missing_lines": [], "excluded_lines": []}, "UnitOfflineException": {"executed_lines": [369, 370], "summary": {"covered_lines": 2, "num_statements": 2, "percent_covered": 100.0, "percent_covered_display": "100", "missing_lines": 0, "excluded_lines": 0}, "missing_lines": [], "excluded_lines": []}, "UnitMaintenanceException": {"executed_lines": [383, 384], "summary": {"covered_lines": 2, "num_statements": 2, "percent_covered": 100.0, "percent_covered_display": "100", "missing_lines": 0, "excluded_lines": 0}, "missing_lines": [], "excluded_lines": []}, "SensorException": {"executed_lines": [397, 398], "summary": {"covered_lines": 2, "num_statements": 2, "percent_covered": 100.0, "percent_covered_display": "100", "missing_lines": 0, "excluded_lines": 0}, "missing_lines": [], "excluded_lines": []}, "SensorInactiveException": {"executed_lines": [405, 406], "summary": {"covered_lines": 2, "num_statements": 2, "percent_covered": 100.0, "percent_covered_display": "100", "missing_lines": 0, "excluded_lines": 0}, "missing_lines": [], "excluded_lines": []}, "SensorOutOfRangeException": {"executed_lines": [426, 430, 437], "summary": {"covered_lines": 3, "num_statements": 3, "percent_covered": 100.0, "percent_covered_display": "100", "missing_lines": 0, "excluded_lines": 0}, "missing_lines": [], "excluded_lines": []}, "": {"executed_lines": [1, 16, 19, 20, 33, 51, 52, 54, 63, 64, 66, 75, 76, 78, 82, 83, 85, 94, 95, 97, 107, 108, 111, 112, 114, 132, 133, 135, 139, 140, 142, 146, 147, 149, 156, 157, 159, 170, 171, 173, 189, 190, 192, 201, 202, 204, 215, 216, 218, 222, 223, 225, 234, 235, 237, 241, 242, 244, 251, 252, 254, 258, 259, 261, 268, 269, 271, 282, 283, 285, 290, 291, 293, 302, 303, 305, 309, 310, 312, 321, 322, 324, 335, 336, 338, 343, 344, 346, 357, 358, 360, 365, 366, 368, 379, 380, 382, 393, 394, 396, 401, 402, 404, 415, 416, 418], "summary": {"covered_lines": 70, "num_statements": 70, "percent_covered": 100.0, "percent_covered_display": "100", "missing_lines": 0, "excluded_lines": 0}, "missing_lines": [], "excluded_lines": []}}}, "app/function_decomposition.py": {"executed_lines": [1, 8, 9, 11, 14, 15, 17, 18, 28, 29, 31, 32, 47, 48, 49, 50, 51, 53, 54, 56, 57, 70, 71, 72, 73, 74, 75, 77, 78, 91, 92, 93, 94, 95, 96, 97, 100, 101, 103, 109, 110, 111, 113, 123, 124, 126, 135, 136, 137, 138, 139, 140, 144, 145, 146, 148, 157, 158, 161, 172, 173, 174, 175, 176, 177, 178, 179, 180, 181, 182, 185, 202, 204, 205, 206, 208, 209, 211, 212, 214, 215, 216, 218], "summary": {"covered_lines": 80, "num_statements": 80, "percent_covered": 100.0, "percent_covered_display": "100", "missing_lines": 0, "excluded_lines": 0}, "missing_lines": [], "excluded_lines": [], "functions": {"FunctionDecomposer.extract_initialization": {"executed_lines": [28, 29], "summary": {"covered_lines": 2, "num_statements": 2, "percent_covered": 100.0, "percent_covered_display": "100", "missing_lines": 0, "excluded_lines": 0}, "missing_lines": [], "excluded_lines": []}, "FunctionDecomposer.extract_registration": {"executed_lines": [47, 48, 49, 50, 51, 53, 54], "summary": {"covered_lines": 7, "num_statements": 7, "percent_covered": 100.0, "percent_covered_display": "100", "missing_lines": 0, "excluded_lines": 0}, "missing_lines": [], "excluded_lines": []}, "FunctionDecomposer.extract_validation": {"executed_lines": [70, 71, 72, 73, 74, 75], "summary": {"covered_lines": 6, "num_statements": 6, "percent_covered": 100.0, "percent_covered_display": "100", "missing_lines": 0, "excluded_lines": 0}, "missing_lines": [], "excluded_lines": []}, "FunctionDecomposer.extract_cleanup": {"executed_lines": [91, 92, 93, 94, 95, 96, 97], "summary": {"covered_lines": 7, "num_statements": 7, "percent_covered": 100.0, "percent_covered_display": "100", "missing_lines": 0, "excluded_lines": 0}, "missing_lines": [], "excluded_lines": []}, "StepExecutor.__init__": {"executed_lines": [109, 110, 111], "summary": {"covered_lines": 3, "num_statements": 3, "percent_covered": 100.0, "percent_covered_display": "100", "missing_lines": 0, "excluded_lines": 0}, "missing_lines": [], "excluded_lines": []}, "StepExecutor.add_step": {"executed_lines": [123, 124], "summary": {"covered_lines": 2, "num_statements": 2, "percent_covered": 100.0, "percent_covered_display": "100", "missing_lines": 0, "excluded_lines": 0}, "missing_lines": [], "excluded_lines": []}, "StepExecutor.execute": {"executed_lines": [135, 136, 137, 138, 139, 140, 144, 145, 146], "summary": {"covered_lines": 9, "num_statements": 9, "percent_covered": 100.0, "percent_covered_display": "100", "missing_lines": 0, "excluded_lines": 0}, "missing_lines": [], "excluded_lines": []}, "StepExecutor.get_result": {"executed_lines": [157, 158], "summary": {"covered_lines": 2, "num_statements": 2, "percent_covered": 100.0, "percent_covered_display": "100", "missing_lines": 0, "excluded_lines": 0}, "missing_lines": [], "excluded_lines": []}, "organize_into_phases": {"executed_lines": [172, 173, 174, 175, 176, 177, 178, 179, 180, 181, 182], "summary": {"covered_lines": 11, "num_statements": 11, "percent_covered": 100.0, "percent_covered_display": "100", "missing_lines": 0, "excluded_lines": 0}, "missing_lines": [], "excluded_lines": []}, "extract_section": {"executed_lines": [202, 204, 205, 206, 208, 209, 211, 212, 214, 215, 216, 218], "summary": {"covered_lines": 12, "num_statements": 12, "percent_covered": 100.0, "percent_covered_display": "100", "missing_lines": 0, "excluded_lines": 0}, "missing_lines": [], "excluded_lines": []}, "": {"executed_lines": [1, 8, 9, 11, 14, 15, 17, 18, 31, 32, 56, 57, 77, 78, 100, 101, 103, 113, 126, 148, 161, 185], "summary": {"covered_lines": 19, "num_statements": 19, "percent_covered": 100.0, "percent_covered_display": "100", "missing_lines": 0, "excluded_lines": 0}, "missing_lines": [], "excluded_lines": []}}, "classes": {"FunctionDecomposer": {"executed_lines": [28, 29, 47, 48, 49, 50, 51, 53, 54, 70, 71, 72, 73, 74, 75, 91, 92, 93, 94, 95, 96, 97], "summary": {"covered_lines": 22, "num_statements": 22, "percent_covered": 100.0, "percent_covered_display": "100", "missing_lines": 0, "excluded_lines": 0}, "missing_lines": [], "excluded_lines": []}, "StepExecutor": {"executed_lines": [109, 110, 111, 123, 124, 135, 136, 137, 138, 139, 140, 144, 145, 146, 157, 158], "summary": {"covered_lines": 16, "num_statements": 16, "percent_covered": 100.0, "percent_covered_display": "100", "missing_lines": 0, "excluded_lines": 0}, "missing_lines": [], "excluded_lines": []}, "": {"executed_lines": [1, 8, 9, 11, 14, 15, 17, 18, 31, 32, 56, 57, 77, 78, 100, 101, 103, 113, 126, 148, 161, 172, 173, 174, 175, 176, 177, 178, 179, 180, 181, 182, 185, 202, 204, 205, 206, 208, 209, 211, 212, 214, 215, 216, 218], "summary": {"covered_lines": 42, "num_statements": 42, "percent_covered": 100.0, "percent_covered_display": "100", "missing_lines": 0, "excluded_lines": 0}, "missing_lines": [], "excluded_lines": []}}}, "app/health_check_helpers.py": {"executed_lines": [1, 3, 4, 7, 8, 11, 21, 23, 25, 38, 41, 50, 52, 53, 54, 57, 58, 61, 62, 63, 64, 74, 78, 82, 83, 84, 85, 96, 102, 106, 110, 114, 119, 124, 127, 138, 140, 141, 142, 143, 144, 146, 147, 148, 149, 150, 151, 152, 153, 158, 160, 161, 163, 166, 176, 177, 178, 182, 185, 195, 196, 197, 201, 204, 215, 217, 218, 219, 220, 221, 223, 224, 225, 226, 227, 228, 229, 230, 235, 237, 238, 240, 243, 253, 254, 255, 259, 262, 272, 273, 274, 278, 281, 291, 292, 293, 297, 300, 310, 314, 315, 319, 322, 332, 333, 334, 338, 341, 351, 352, 354, 355, 364, 367, 382, 383, 385, 388, 389, 392, 395, 398, 408, 410, 413, 416, 431, 444], "summary": {"covered_lines": 127, "num_statements": 170, "percent_covered": 74.70588235294117, "percent_covered_display": "75", "missing_lines": 43, "excluded_lines": 0}, "missing_lines": [65, 67, 75, 79, 86, 88, 97, 98, 99, 103, 107, 111, 115, 120, 121, 122, 145, 179, 180, 181, 198, 199, 200, 222, 256, 257, 258, 275, 276, 277, 294, 295, 296, 316, 317, 318, 335, 336, 337, 356, 357, 362, 393], "excluded_lines": [], "functions": {"create_health_check_endpoint": {"executed_lines": [21, 38], "summary": {"covered_lines": 2, "num_statements": 2, "percent_covered": 100.0, "percent_covered_display": "100", "missing_lines": 0, "excluded_lines": 0}, "missing_lines": [], "excluded_lines": []}, "create_health_check_endpoint.health_check": {"executed_lines": [23, 25], "summary": {"covered_lines": 2, "num_statements": 2, "percent_covered": 100.0, "percent_covered_display": "100", "missing_lines": 0, "excluded_lines": 0}, "missing_lines": [], "excluded_lines": []}, "check_all_services": {"executed_lines": [50, 52, 53, 54, 57, 58, 61, 62, 63, 64, 74, 78, 82, 83, 84, 85, 96, 102, 106, 110, 114, 119, 124], "summary": {"covered_lines": 23, "num_statements": 39, "percent_covered": 58.97435897435897, "percent_covered_display": "59", "missing_lines": 16, "excluded_lines": 0}, "missing_lines": [65, 67, 75, 79, 86, 88, 97, 98, 99, 103, 107, 111, 115, 120, 121, 122], "excluded_lines": []}, "check_mqtt_service": {"executed_lines": [138, 140, 141, 142, 143, 144, 146, 147, 148, 149, 150, 151, 152, 153, 158, 160, 161, 163], "summary": {"covered_lines": 18, "num_statements": 19, "percent_covered": 94.73684210526316, "percent_covered_display": "95", "missing_lines": 1, "excluded_lines": 0}, "missing_lines": [145], "excluded_lines": []}, "check_websocket_service": {"executed_lines": [176, 177, 178, 182], "summary": {"covered_lines": 4, "num_statements": 7, "percent_covered": 57.142857142857146, "percent_covered_display": "57", "missing_lines": 3, "excluded_lines": 0}, "missing_lines": [179, 180, 181], "excluded_lines": []}, "check_realtime_processor": {"executed_lines": [195, 196, 197, 201], "summary": {"covered_lines": 4, "num_statements": 7, "percent_covered": 57.142857142857146, "percent_covered_display": "57", "missing_lines": 3, "excluded_lines": 0}, "missing_lines": [198, 199, 200], "excluded_lines": []}, "check_opcua_service": {"executed_lines": [215, 217, 218, 219, 220, 221, 223, 224, 225, 226, 227, 228, 229, 230, 235, 237, 238, 240], "summary": {"covered_lines": 18, "num_statements": 19, "percent_covered": 94.73684210526316, "percent_covered_display": "95", "missing_lines": 1, "excluded_lines": 0}, "missing_lines": [222], "excluded_lines": []}, "check_data_storage_service": {"executed_lines": [253, 254, 255, 259], "summary": {"covered_lines": 4, "num_statements": 7, "percent_covered": 57.142857142857146, "percent_covered_display": "57", "missing_lines": 3, "excluded_lines": 0}, "missing_lines": [256, 257, 258], "excluded_lines": []}, "check_dnp3_service": {"executed_lines": [272, 273, 274, 278], "summary": {"covered_lines": 4, "num_statements": 7, "percent_covered": 57.142857142857146, "percent_covered_display": "57", "missing_lines": 3, "excluded_lines": 0}, "missing_lines": [275, 276, 277], "excluded_lines": []}, "check_modbus_service": {"executed_lines": [291, 292, 293, 297], "summary": {"covered_lines": 4, "num_statements": 7, "percent_covered": 57.142857142857146, "percent_covered_display": "57", "missing_lines": 3, "excluded_lines": 0}, "missing_lines": [294, 295, 296], "excluded_lines": []}, "check_anomaly_detection_service": {"executed_lines": [310, 314, 315, 319], "summary": {"covered_lines": 4, "num_statements": 7, "percent_covered": 57.142857142857146, "percent_covered_display": "57", "missing_lines": 3, "excluded_lines": 0}, "missing_lines": [316, 317, 318], "excluded_lines": []}, "check_protocol_simulator": {"executed_lines": [332, 333, 334, 338], "summary": {"covered_lines": 4, "num_statements": 7, "percent_covered": 57.142857142857146, "percent_covered_display": "57", "missing_lines": 3, "excluded_lines": 0}, "missing_lines": [335, 336, 337], "excluded_lines": []}, "check_database": {"executed_lines": [351, 352, 354, 355, 364], "summary": {"covered_lines": 5, "num_statements": 8, "percent_covered": 62.5, "percent_covered_display": "62", "missing_lines": 3, "excluded_lines": 0}, "missing_lines": [356, 357, 362], "excluded_lines": []}, "_get_service_status": {"executed_lines": [382, 383, 385, 388, 389, 392, 395], "summary": {"covered_lines": 7, "num_statements": 8, "percent_covered": 87.5, "percent_covered_display": "88", "missing_lines": 1, "excluded_lines": 0}, "missing_lines": [393], "excluded_lines": []}, "create_detailed_health_check_endpoint": {"executed_lines": [408, 444], "summary": {"covered_lines": 2, "num_statements": 2, "percent_covered": 100.0, "percent_covered_display": "100", "missing_lines": 0, "excluded_lines": 0}, "missing_lines": [], "excluded_lines": []}, "create_detailed_health_check_endpoint.detailed_health_check": {"executed_lines": [410, 413, 416, 431], "summary": {"covered_lines": 4, "num_statements": 4, "percent_covered": 100.0, "percent_covered_display": "100", "missing_lines": 0, "excluded_lines": 0}, "missing_lines": [], "excluded_lines": []}, "": {"executed_lines": [1, 3, 4, 7, 8, 11, 41, 127, 166, 185, 204, 243, 262, 281, 300, 322, 341, 367, 398], "summary": {"covered_lines": 18, "num_statements": 18, "percent_covered": 100.0, "percent_covered_display": "100", "missing_lines": 0, "excluded_lines": 0}, "missing_lines": [], "excluded_lines": []}}, "classes": {"": {"executed_lines": [1, 3, 4, 7, 8, 11, 21, 23, 25, 38, 41, 50, 52, 53, 54, 57, 58, 61, 62, 63, 64, 74, 78, 82, 83, 84, 85, 96, 102, 106, 110, 114, 119, 124, 127, 138, 140, 141, 142, 143, 144, 146, 147, 148, 149, 150, 151, 152, 153, 158, 160, 161, 163, 166, 176, 177, 178, 182, 185, 195, 196, 197, 201, 204, 215, 217, 218, 219, 220, 221, 223, 224, 225, 226, 227, 228, 229, 230, 235, 237, 238, 240, 243, 253, 254, 255, 259, 262, 272, 273, 274, 278, 281, 291, 292, 293, 297, 300, 310, 314, 315, 319, 322, 332, 333, 334, 338, 341, 351, 352, 354, 355, 364, 367, 382, 383, 385, 388, 389, 392, 395, 398, 408, 410, 413, 416, 431, 444], "summary": {"covered_lines": 127, "num_statements": 170, "percent_covered": 74.70588235294117, "percent_covered_display": "75", "missing_lines": 43, "excluded_lines": 0}, "missing_lines": [65, 67, 75, 79, 86, 88, 97, 98, 99, 103, 107, 111, 115, 120, 121, 122, 145, 179, 180, 181, 198, 199, 200, 222, 256, 257, 258, 275, 276, 277, 294, 295, 296, 316, 317, 318, 335, 336, 337, 356, 357, 362, 393], "excluded_lines": []}}}, "app/logging_config.py": {"executed_lines": [1, 7, 8, 9, 12, 24, 25, 30, 32, 33, 35, 42, 56, 58, 60, 61, 62, 64, 67, 77, 78, 79], "summary": {"covered_lines": 21, "num_statements": 21, "percent_covered": 100.0, "percent_covered_display": "100", "missing_lines": 0, "excluded_lines": 0}, "missing_lines": [], "excluded_lines": [], "functions": {"configure_logging": {"executed_lines": [24, 25, 30, 32, 33, 35], "summary": {"covered_lines": 6, "num_statements": 6, "percent_covered": 100.0, "percent_covered_display": "100", "missing_lines": 0, "excluded_lines": 0}, "missing_lines": [], "excluded_lines": []}, "log_exception_with_context": {"executed_lines": [56, 58, 60, 61, 62, 64], "summary": {"covered_lines": 6, "num_statements": 6, "percent_covered": 100.0, "percent_covered_display": "100", "missing_lines": 0, "excluded_lines": 0}, "missing_lines": [], "excluded_lines": []}, "create_logger": {"executed_lines": [77, 78, 79], "summary": {"covered_lines": 3, "num_statements": 3, "percent_covered": 100.0, "percent_covered_display": "100", "missing_lines": 0, "excluded_lines": 0}, "missing_lines": [], "excluded_lines": []}, "": {"executed_lines": [1, 7, 8, 9, 12, 42, 67], "summary": {"covered_lines": 6, "num_statements": 6, "percent_covered": 100.0, "percent_covered_display": "100", "missing_lines": 0, "excluded_lines": 0}, "missing_lines": [], "excluded_lines": []}}, "classes": {"": {"executed_lines": [1, 7, 8, 9, 12, 24, 25, 30, 32, 33, 35, 42, 56, 58, 60, 61, 62, 64, 67, 77, 78, 79], "summary": {"covered_lines": 21, "num_statements": 21, "percent_covered": 100.0, "percent_covered_display": "100", "missing_lines": 0, "excluded_lines": 0}, "missing_lines": [], "excluded_lines": []}}}, "app/middleware/__init__.py": {"executed_lines": [1, 19, 27, 34, 42, 43, 50], "summary": {"covered_lines": 6, "num_statements": 6, "percent_covered": 100.0, "percent_covered_display": "100", "missing_lines": 0, "excluded_lines": 0}, "missing_lines": [], "excluded_lines": [], "functions": {"": {"executed_lines": [1, 19, 27, 34, 42, 43, 50], "summary": {"covered_lines": 6, "num_statements": 6, "percent_covered": 100.0, "percent_covered_display": "100", "missing_lines": 0, "excluded_lines": 0}, "missing_lines": [], "excluded_lines": []}}, "classes": {"": {"executed_lines": [1, 19, 27, 34, 42, 43, 50], "summary": {"covered_lines": 6, "num_statements": 6, "percent_covered": 100.0, "percent_covered_display": "100", "missing_lines": 0, "excluded_lines": 0}, "missing_lines": [], "excluded_lines": []}}}, "app/middleware/audit.py": {"executed_lines": [1, 7, 8, 9, 10, 11, 13, 14, 16, 17, 18, 20, 23, 64, 110, 122, 123, 124, 125, 127, 128, 129, 131, 135, 140, 141, 142, 146, 148, 149, 150, 151, 152, 155, 156, 159, 160, 161, 162, 165, 166, 167, 170, 171, 172, 173, 176, 177, 178, 181, 182, 184, 185, 186, 187, 190, 191, 193, 194, 223, 225, 229, 230, 231, 232, 233, 234, 236, 239, 240, 241, 242, 243, 244, 245, 246, 247, 248, 250, 255, 275, 277, 278, 279, 280, 281, 282, 284, 290, 291, 298, 299, 308, 309, 318, 323, 324, 326, 337, 338, 348, 355, 356, 358, 371, 387, 388, 389, 391, 392, 393, 394, 395, 396, 397, 398, 399, 400, 407, 408, 409, 410, 411, 412, 415, 416, 417, 418, 421, 425, 427, 430, 441, 451, 453, 455, 456, 465, 467, 469, 472, 475, 476, 485, 486, 488, 490, 493, 496, 500, 510, 514, 516, 524, 526, 527, 528, 536, 545], "summary": {"covered_lines": 155, "num_statements": 166, "percent_covered": 93.37349397590361, "percent_covered_display": "93", "missing_lines": 11, "excluded_lines": 0}, "missing_lines": [132, 286, 288, 401, 402, 431, 432, 433, 434, 435, 436], "excluded_lines": [], "functions": {"redact_sensitive_data": {"executed_lines": [122, 123, 124, 125, 127, 128, 129, 131, 135, 140, 141, 142, 146, 148, 149, 150, 151, 152], "summary": {"covered_lines": 18, "num_statements": 19, "percent_covered": 94.73684210526316, "percent_covered_display": "95", "missing_lines": 1, "excluded_lines": 0}, "missing_lines": [132], "excluded_lines": []}, "AuditLogger.log_event": {"executed_lines": [223, 225, 229, 230, 231, 232, 233, 234, 236, 239, 240, 241, 242, 243, 244, 245, 246, 247, 248, 250, 255, 275, 277, 278, 279, 280, 281, 282, 284], "summary": {"covered_lines": 29, "num_statements": 31, "percent_covered": 93.54838709677419, "percent_covered_display": "94", "missing_lines": 2, "excluded_lines": 0}, "missing_lines": [286, 288], "excluded_lines": []}, "AuditLogger.log_authentication_event": {"executed_lines": [298, 299], "summary": {"covered_lines": 2, "num_statements": 2, "percent_covered": 100.0, "percent_covered_display": "100", "missing_lines": 0, "excluded_lines": 0}, "missing_lines": [], "excluded_lines": []}, "AuditLogger.log_authorization_event": {"executed_lines": [318, 323, 324, 326], "summary": {"covered_lines": 4, "num_statements": 4, "percent_covered": 100.0, "percent_covered_display": "100", "missing_lines": 0, "excluded_lines": 0}, "missing_lines": [], "excluded_lines": []}, "AuditLogger.log_data_event": {"executed_lines": [348, 355, 356, 358], "summary": {"covered_lines": 4, "num_statements": 4, "percent_covered": 100.0, "percent_covered_display": "100", "missing_lines": 0, "excluded_lines": 0}, "missing_lines": [], "excluded_lines": []}, "audit_operation": {"executed_lines": [387, 388, 469], "summary": {"covered_lines": 3, "num_statements": 3, "percent_covered": 100.0, "percent_covered_display": "100", "missing_lines": 0, "excluded_lines": 0}, "missing_lines": [], "excluded_lines": []}, "audit_operation.decorator": {"executed_lines": [389, 467], "summary": {"covered_lines": 2, "num_statements": 2, "percent_covered": 100.0, "percent_covered_display": "100", "missing_lines": 0, "excluded_lines": 0}, "missing_lines": [], "excluded_lines": []}, "audit_operation.decorator.decorated_function": {"executed_lines": [391, 392, 393, 394, 395, 396, 397, 398, 399, 400, 407, 408, 409, 410, 411, 412, 415, 416, 417, 418, 421, 425, 427, 430, 441, 451, 453, 455, 456, 465], "summary": {"covered_lines": 30, "num_statements": 38, "percent_covered": 78.94736842105263, "percent_covered_display": "79", "missing_lines": 8, "excluded_lines": 0}, "missing_lines": [401, 402, 431, 432, 433, 434, 435, 436], "excluded_lines": []}, "setup_audit_middleware": {"executed_lines": [475, 476, 485, 486, 510], "summary": {"covered_lines": 5, "num_statements": 5, "percent_covered": 100.0, "percent_covered_display": "100", "missing_lines": 0, "excluded_lines": 0}, "missing_lines": [], "excluded_lines": []}, "setup_audit_middleware.audit_api_access": {"executed_lines": [488, 490, 493, 496, 500], "summary": {"covered_lines": 5, "num_statements": 5, "percent_covered": 100.0, "percent_covered_display": "100", "missing_lines": 0, "excluded_lines": 0}, "missing_lines": [], "excluded_lines": []}, "audit_login_success": {"executed_lines": [516], "summary": {"covered_lines": 1, "num_statements": 1, "percent_covered": 100.0, "percent_covered_display": "100", "missing_lines": 0, "excluded_lines": 0}, "missing_lines": [], "excluded_lines": []}, "audit_login_failure": {"executed_lines": [526, 527, 528], "summary": {"covered_lines": 3, "num_statements": 3, "percent_covered": 100.0, "percent_covered_display": "100", "missing_lines": 0, "excluded_lines": 0}, "missing_lines": [], "excluded_lines": []}, "audit_permission_check": {"executed_lines": [545], "summary": {"covered_lines": 1, "num_statements": 1, "percent_covered": 100.0, "percent_covered_display": "100", "missing_lines": 0, "excluded_lines": 0}, "missing_lines": [], "excluded_lines": []}, "": {"executed_lines": [1, 7, 8, 9, 10, 11, 13, 14, 16, 17, 18, 20, 23, 64, 110, 155, 156, 159, 160, 161, 162, 165, 166, 167, 170, 171, 172, 173, 176, 177, 178, 181, 182, 184, 185, 186, 187, 190, 191, 193, 194, 290, 291, 308, 309, 337, 338, 371, 472, 514, 524, 536], "summary": {"covered_lines": 48, "num_statements": 48, "percent_covered": 100.0, "percent_covered_display": "100", "missing_lines": 0, "excluded_lines": 0}, "missing_lines": [], "excluded_lines": []}}, "classes": {"AuditEventType": {"executed_lines": [], "summary": {"covered_lines": 0, "num_statements": 0, "percent_covered": 100.0, "percent_covered_display": "100", "missing_lines": 0, "excluded_lines": 0}, "missing_lines": [], "excluded_lines": []}, "AuditSeverity": {"executed_lines": [], "summary": {"covered_lines": 0, "num_statements": 0, "percent_covered": 100.0, "percent_covered_display": "100", "missing_lines": 0, "excluded_lines": 0}, "missing_lines": [], "excluded_lines": []}, "AuditLogger": {"executed_lines": [223, 225, 229, 230, 231, 232, 233, 234, 236, 239, 240, 241, 242, 243, 244, 245, 246, 247, 248, 250, 255, 275, 277, 278, 279, 280, 281, 282, 284, 298, 299, 318, 323, 324, 326, 348, 355, 356, 358], "summary": {"covered_lines": 39, "num_statements": 41, "percent_covered": 95.1219512195122, "percent_covered_display": "95", "missing_lines": 2, "excluded_lines": 0}, "missing_lines": [286, 288], "excluded_lines": []}, "": {"executed_lines": [1, 7, 8, 9, 10, 11, 13, 14, 16, 17, 18, 20, 23, 64, 110, 122, 123, 124, 125, 127, 128, 129, 131, 135, 140, 141, 142, 146, 148, 149, 150, 151, 152, 155, 156, 159, 160, 161, 162, 165, 166, 167, 170, 171, 172, 173, 176, 177, 178, 181, 182, 184, 185, 186, 187, 190, 191, 193, 194, 290, 291, 308, 309, 337, 338, 371, 387, 388, 389, 391, 392, 393, 394, 395, 396, 397, 398, 399, 400, 407, 408, 409, 410, 411, 412, 415, 416, 417, 418, 421, 425, 427, 430, 441, 451, 453, 455, 456, 465, 467, 469, 472, 475, 476, 485, 486, 488, 490, 493, 496, 500, 510, 514, 516, 524, 526, 527, 528, 536, 545], "summary": {"covered_lines": 116, "num_statements": 125, "percent_covered": 92.8, "percent_covered_display": "93", "missing_lines": 9, "excluded_lines": 0}, "missing_lines": [132, 401, 402, 431, 432, 433, 434, 435, 436], "excluded_lines": []}}}, "app/middleware/authorization.py": {"executed_lines": [1, 7, 9, 10, 12, 13, 14, 15, 18, 32, 42, 45, 64, 65, 66, 68, 71, 72, 87, 89, 108, 111, 122, 131, 142, 145, 161, 163, 174, 182, 191, 193, 195, 198, 217, 218, 219, 347, 349], "summary": {"covered_lines": 38, "num_statements": 70, "percent_covered": 54.285714285714285, "percent_covered_display": "54", "missing_lines": 32, "excluded_lines": 0}, "missing_lines": [33, 41, 74, 79, 91, 98, 112, 146, 153, 221, 224, 225, 227, 232, 240, 242, 244, 251, 261, 264, 265, 275, 284, 295, 298, 299, 306, 314, 316, 328, 336, 345], "excluded_lines": [], "functions": {"_ensure_user_has_role": {"executed_lines": [32, 42], "summary": {"covered_lines": 2, "num_statements": 4, "percent_covered": 50.0, "percent_covered_display": "50", "missing_lines": 2, "excluded_lines": 0}, "missing_lines": [33, 41], "excluded_lines": []}, "permission_required": {"executed_lines": [64, 65, 195], "summary": {"covered_lines": 3, "num_statements": 3, "percent_covered": 100.0, "percent_covered_display": "100", "missing_lines": 0, "excluded_lines": 0}, "missing_lines": [], "excluded_lines": []}, "permission_required.decorator": {"executed_lines": [66, 193], "summary": {"covered_lines": 2, "num_statements": 2, "percent_covered": 100.0, "percent_covered_display": "100", "missing_lines": 0, "excluded_lines": 0}, "missing_lines": [], "excluded_lines": []}, "permission_required.decorator.decorated_function": {"executed_lines": [68, 71, 72, 87, 89, 108, 111, 122, 131, 142, 145, 161, 163, 174, 182, 191], "summary": {"covered_lines": 16, "num_statements": 23, "percent_covered": 69.56521739130434, "percent_covered_display": "70", "missing_lines": 7, "excluded_lines": 0}, "missing_lines": [74, 79, 91, 98, 112, 146, 153], "excluded_lines": []}, "role_required": {"executed_lines": [217, 218, 349], "summary": {"covered_lines": 3, "num_statements": 3, "percent_covered": 100.0, "percent_covered_display": "100", "missing_lines": 0, "excluded_lines": 0}, "missing_lines": [], "excluded_lines": []}, "role_required.decorator": {"executed_lines": [219, 347], "summary": {"covered_lines": 2, "num_statements": 2, "percent_covered": 100.0, "percent_covered_display": "100", "missing_lines": 0, "excluded_lines": 0}, "missing_lines": [], "excluded_lines": []}, "role_required.decorator.decorated_function": {"executed_lines": [], "summary": {"covered_lines": 0, "num_statements": 23, "percent_covered": 0.0, "percent_covered_display": "0", "missing_lines": 23, "excluded_lines": 0}, "missing_lines": [221, 224, 225, 227, 232, 240, 242, 244, 251, 261, 264, 265, 275, 284, 295, 298, 299, 306, 314, 316, 328, 336, 345], "excluded_lines": []}, "": {"executed_lines": [1, 7, 9, 10, 12, 13, 14, 15, 18, 45, 198], "summary": {"covered_lines": 10, "num_statements": 10, "percent_covered": 100.0, "percent_covered_display": "100", "missing_lines": 0, "excluded_lines": 0}, "missing_lines": [], "excluded_lines": []}}, "classes": {"": {"executed_lines": [1, 7, 9, 10, 12, 13, 14, 15, 18, 32, 42, 45, 64, 65, 66, 68, 71, 72, 87, 89, 108, 111, 122, 131, 142, 145, 161, 163, 174, 182, 191, 193, 195, 198, 217, 218, 219, 347, 349], "summary": {"covered_lines": 38, "num_statements": 70, "percent_covered": 54.285714285714285, "percent_covered_display": "54", "missing_lines": 32, "excluded_lines": 0}, "missing_lines": [33, 41, 74, 79, 91, 98, 112, 146, 153, 221, 224, 225, 227, 232, 240, 242, 244, 251, 261, 264, 265, 275, 284, 295, 298, 299, 306, 314, 316, 328, 336, 345], "excluded_lines": []}}}, "app/middleware/metrics.py": {"executed_lines": [1, 3, 4, 5, 6, 7, 8, 9, 11, 12, 13, 15, 19, 52, 53, 60, 61, 62, 64, 67, 68, 70, 71, 72, 75, 76, 77, 78, 81, 92, 93, 95, 97, 98, 99, 100, 101, 102, 103, 104, 106, 109, 110, 111, 114, 115, 116, 118, 120, 123, 124, 125, 126, 128, 129, 132, 133, 137, 140, 141, 142, 145, 146, 147, 148, 149, 150, 151, 154, 167, 168, 180, 182, 183, 193, 195, 196, 211, 212, 213, 214, 215, 217, 227, 228, 229, 234, 240, 242, 244, 245, 247, 256, 258, 259, 261, 270, 272, 273, 276, 277, 279, 304, 323, 325, 326, 339, 342, 345, 346, 347, 350, 353, 354, 359, 371, 372, 375, 377, 380, 383, 385, 388, 390, 394, 396, 397, 400, 402, 404, 405, 406, 408, 409, 411, 412, 414, 415, 418, 419, 420, 422, 425, 428, 431, 433, 435, 439, 440, 441, 445, 447, 451, 454, 460, 462, 465, 469, 471, 473, 475, 476, 486, 487, 500, 501, 514, 515, 538], "summary": {"covered_lines": 166, "num_statements": 198, "percent_covered": 83.83838383838383, "percent_covered_display": "84", "missing_lines": 32, "excluded_lines": 0}, "missing_lines": [121, 134, 274, 305, 306, 328, 329, 330, 331, 332, 333, 334, 335, 356, 384, 392, 436, 478, 479, 489, 490, 492, 493, 503, 504, 506, 507, 517, 518, 520, 521, 531], "excluded_lines": [], "functions": {"SyntheticHTTPException.__init__": {"executed_lines": [61, 62, 64], "summary": {"covered_lines": 3, "num_statements": 3, "percent_covered": 100.0, "percent_covered_display": "100", "missing_lines": 0, "excluded_lines": 0}, "missing_lines": [], "excluded_lines": []}, "MetricsCollector.__init__": {"executed_lines": [71, 72, 75, 76, 77, 78, 81, 92, 93], "summary": {"covered_lines": 9, "num_statements": 9, "percent_covered": 100.0, "percent_covered_display": "100", "missing_lines": 0, "excluded_lines": 0}, "missing_lines": [], "excluded_lines": []}, "MetricsCollector.reset": {"executed_lines": [97, 98, 99, 100, 101, 102, 103, 104], "summary": {"covered_lines": 8, "num_statements": 8, "percent_covered": 100.0, "percent_covered_display": "100", "missing_lines": 0, "excluded_lines": 0}, "missing_lines": [], "excluded_lines": []}, "MetricsCollector.record_request_start": {"executed_lines": [109, 110, 111, 114, 115, 116], "summary": {"covered_lines": 6, "num_statements": 6, "percent_covered": 100.0, "percent_covered_display": "100", "missing_lines": 0, "excluded_lines": 0}, "missing_lines": [], "excluded_lines": []}, "MetricsCollector.record_request_end": {"executed_lines": [120, 123, 124, 125, 126, 128, 129, 132, 133, 137, 140, 141, 142, 145, 146, 147, 148, 149, 150, 151, 154, 167, 168], "summary": {"covered_lines": 23, "num_statements": 25, "percent_covered": 92.0, "percent_covered_display": "92", "missing_lines": 2, "excluded_lines": 0}, "missing_lines": [121, 134], "excluded_lines": []}, "MetricsCollector.get_metrics": {"executed_lines": [182, 183], "summary": {"covered_lines": 2, "num_statements": 2, "percent_covered": 100.0, "percent_covered_display": "100", "missing_lines": 0, "excluded_lines": 0}, "missing_lines": [], "excluded_lines": []}, "MetricsCollector.get_metrics_summary": {"executed_lines": [195, 196, 211, 212, 213, 214, 215, 217, 227, 228, 229, 234, 240], "summary": {"covered_lines": 13, "num_statements": 13, "percent_covered": 100.0, "percent_covered_display": "100", "missing_lines": 0, "excluded_lines": 0}, "missing_lines": [], "excluded_lines": []}, "MetricsCollector.get_recent_activity": {"executed_lines": [244, 245, 247], "summary": {"covered_lines": 3, "num_statements": 3, "percent_covered": 100.0, "percent_covered_display": "100", "missing_lines": 0, "excluded_lines": 0}, "missing_lines": [], "excluded_lines": []}, "MetricsCollector.get_recent_errors": {"executed_lines": [258, 259, 261], "summary": {"covered_lines": 3, "num_statements": 3, "percent_covered": 100.0, "percent_covered_display": "100", "missing_lines": 0, "excluded_lines": 0}, "missing_lines": [], "excluded_lines": []}, "MetricsCollector.get_endpoint_metrics": {"executed_lines": [272, 273, 276, 277, 279, 304, 323], "summary": {"covered_lines": 7, "num_statements": 10, "percent_covered": 70.0, "percent_covered_display": "70", "missing_lines": 3, "excluded_lines": 0}, "missing_lines": [274, 305, 306], "excluded_lines": []}, "MetricsCollector._percentile": {"executed_lines": [], "summary": {"covered_lines": 0, "num_statements": 8, "percent_covered": 0.0, "percent_covered_display": "0", "missing_lines": 8, "excluded_lines": 0}, "missing_lines": [328, 329, 330, 331, 332, 333, 334, 335], "excluded_lines": []}, "get_metrics_collector": {"executed_lines": [345, 346, 347], "summary": {"covered_lines": 3, "num_statements": 3, "percent_covered": 100.0, "percent_covered_display": "100", "missing_lines": 0, "excluded_lines": 0}, "missing_lines": [], "excluded_lines": []}, "reset_metrics_collector": {"executed_lines": [353, 354], "summary": {"covered_lines": 2, "num_statements": 3, "percent_covered": 66.66666666666667, "percent_covered_display": "67", "missing_lines": 1, "excluded_lines": 0}, "missing_lines": [356], "excluded_lines": []}, "collect_metrics": {"executed_lines": [371, 372, 377], "summary": {"covered_lines": 3, "num_statements": 3, "percent_covered": 100.0, "percent_covered_display": "100", "missing_lines": 0, "excluded_lines": 0}, "missing_lines": [], "excluded_lines": []}, "collect_metrics.decorated_function": {"executed_lines": [375], "summary": {"covered_lines": 1, "num_statements": 1, "percent_covered": 100.0, "percent_covered_display": "100", "missing_lines": 0, "excluded_lines": 0}, "missing_lines": [], "excluded_lines": []}, "setup_metrics_middleware": {"executed_lines": [383, 385, 388, 390, 394, 396, 397, 408, 409, 414, 415, 465], "summary": {"covered_lines": 12, "num_statements": 13, "percent_covered": 92.3076923076923, "percent_covered_display": "92", "missing_lines": 1, "excluded_lines": 0}, "missing_lines": [384], "excluded_lines": []}, "setup_metrics_middleware.handle_exception": {"executed_lines": [], "summary": {"covered_lines": 0, "num_statements": 1, "percent_covered": 0.0, "percent_covered_display": "0", "missing_lines": 1, "excluded_lines": 0}, "missing_lines": [392], "excluded_lines": []}, "setup_metrics_middleware.before_request": {"executed_lines": [400, 402, 404, 405, 406], "summary": {"covered_lines": 5, "num_statements": 5, "percent_covered": 100.0, "percent_covered_display": "100", "missing_lines": 0, "excluded_lines": 0}, "missing_lines": [], "excluded_lines": []}, "setup_metrics_middleware.after_request": {"executed_lines": [411, 412], "summary": {"covered_lines": 2, "num_statements": 2, "percent_covered": 100.0, "percent_covered_display": "100", "missing_lines": 0, "excluded_lines": 0}, "missing_lines": [], "excluded_lines": []}, "setup_metrics_middleware.teardown_request": {"executed_lines": [418, 419, 420, 422, 425, 428, 431, 433, 435, 439, 440, 441, 445, 447, 451, 454, 460, 462], "summary": {"covered_lines": 18, "num_statements": 19, "percent_covered": 94.73684210526316, "percent_covered_display": "95", "missing_lines": 1, "excluded_lines": 0}, "missing_lines": [436], "excluded_lines": []}, "create_metrics_blueprint": {"executed_lines": [471, 473, 475, 476, 486, 487, 500, 501, 514, 515, 538], "summary": {"covered_lines": 11, "num_statements": 11, "percent_covered": 100.0, "percent_covered_display": "100", "missing_lines": 0, "excluded_lines": 0}, "missing_lines": [], "excluded_lines": []}, "create_metrics_blueprint.get_metrics_summary": {"executed_lines": [], "summary": {"covered_lines": 0, "num_statements": 2, "percent_covered": 0.0, "percent_covered_display": "0", "missing_lines": 2, "excluded_lines": 0}, "missing_lines": [478, 479], "excluded_lines": []}, "create_metrics_blueprint.get_recent_activity": {"executed_lines": [], "summary": {"covered_lines": 0, "num_statements": 4, "percent_covered": 0.0, "percent_covered_display": "0", "missing_lines": 4, "excluded_lines": 0}, "missing_lines": [489, 490, 492, 493], "excluded_lines": []}, "create_metrics_blueprint.get_recent_errors": {"executed_lines": [], "summary": {"covered_lines": 0, "num_statements": 4, "percent_covered": 0.0, "percent_covered_display": "0", "missing_lines": 4, "excluded_lines": 0}, "missing_lines": [503, 504, 506, 507], "excluded_lines": []}, "create_metrics_blueprint.get_endpoint_metrics": {"executed_lines": [], "summary": {"covered_lines": 0, "num_statements": 5, "percent_covered": 0.0, "percent_covered_display": "0", "missing_lines": 5, "excluded_lines": 0}, "missing_lines": [517, 518, 520, 521, 531], "excluded_lines": []}, "": {"executed_lines": [1, 3, 4, 5, 6, 7, 8, 9, 11, 12, 13, 15, 19, 52, 53, 60, 67, 68, 70, 95, 106, 118, 180, 193, 242, 256, 270, 325, 326, 339, 342, 350, 359, 380, 469], "summary": {"covered_lines": 32, "num_statements": 32, "percent_covered": 100.0, "percent_covered_display": "100", "missing_lines": 0, "excluded_lines": 0}, "missing_lines": [], "excluded_lines": []}}, "classes": {"SyntheticHTTPException": {"executed_lines": [61, 62, 64], "summary": {"covered_lines": 3, "num_statements": 3, "percent_covered": 100.0, "percent_covered_display": "100", "missing_lines": 0, "excluded_lines": 0}, "missing_lines": [], "excluded_lines": []}, "MetricsCollector": {"executed_lines": [71, 72, 75, 76, 77, 78, 81, 92, 93, 97, 98, 99, 100, 101, 102, 103, 104, 109, 110, 111, 114, 115, 116, 120, 123, 124, 125, 126, 128, 129, 132, 133, 137, 140, 141, 142, 145, 146, 147, 148, 149, 150, 151, 154, 167, 168, 182, 183, 195, 196, 211, 212, 213, 214, 215, 217, 227, 228, 229, 234, 240, 244, 245, 247, 258, 259, 261, 272, 273, 276, 277, 279, 304, 323], "summary": {"covered_lines": 74, "num_statements": 87, "percent_covered": 85.05747126436782, "percent_covered_display": "85", "missing_lines": 13, "excluded_lines": 0}, "missing_lines": [121, 134, 274, 305, 306, 328, 329, 330, 331, 332, 333, 334, 335], "excluded_lines": []}, "": {"executed_lines": [1, 3, 4, 5, 6, 7, 8, 9, 11, 12, 13, 15, 19, 52, 53, 60, 67, 68, 70, 95, 106, 118, 180, 193, 242, 256, 270, 325, 326, 339, 342, 345, 346, 347, 350, 353, 354, 359, 371, 372, 375, 377, 380, 383, 385, 388, 390, 394, 396, 397, 400, 402, 404, 405, 406, 408, 409, 411, 412, 414, 415, 418, 419, 420, 422, 425, 428, 431, 433, 435, 439, 440, 441, 445, 447, 451, 454, 460, 462, 465, 469, 471, 473, 475, 476, 486, 487, 500, 501, 514, 515, 538], "summary": {"covered_lines": 89, "num_statements": 108, "percent_covered": 82.4074074074074, "percent_covered_display": "82", "missing_lines": 19, "excluded_lines": 0}, "missing_lines": [356, 384, 392, 436, 478, 479, 489, 490, 492, 493, 503, 504, 506, 507, 517, 518, 520, 521, 531], "excluded_lines": []}}}, "app/middleware/rate_limit.py": {"executed_lines": [1, 3, 4, 5, 6, 7, 8, 10, 11, 14, 15, 17, 18, 19, 21, 25, 32, 33, 34, 35, 37, 38, 40, 43, 60, 61, 63, 64, 71, 87, 124, 132, 134, 135, 137, 138, 141, 142, 146, 147, 149, 150, 151, 153, 154, 156, 167, 170, 173, 174, 176, 177, 182, 187, 190, 206, 207, 208, 210, 211, 214, 216, 217, 237, 238, 244, 245, 268, 271, 272, 274, 275, 278, 279, 280, 283, 284, 287, 288, 290, 292, 294, 298, 299, 302, 306, 310, 316, 320, 324, 330, 334, 341, 343, 346, 348, 351], "summary": {"covered_lines": 94, "num_statements": 133, "percent_covered": 70.67669172932331, "percent_covered_display": "71", "missing_lines": 39, "excluded_lines": 0}, "missing_lines": [23, 39, 41, 65, 77, 79, 95, 96, 99, 100, 101, 102, 103, 105, 106, 108, 109, 110, 112, 114, 116, 178, 179, 180, 183, 185, 215, 218, 220, 222, 223, 224, 227, 228, 229, 230, 234, 276, 353], "excluded_lines": [], "functions": {"RateLimiter.__init__": {"executed_lines": [18, 19], "summary": {"covered_lines": 2, "num_statements": 2, "percent_covered": 100.0, "percent_covered_display": "100", "missing_lines": 0, "excluded_lines": 0}, "missing_lines": [], "excluded_lines": []}, "RateLimiter._get_client_key": {"executed_lines": [], "summary": {"covered_lines": 0, "num_statements": 1, "percent_covered": 0.0, "percent_covered_display": "0", "missing_lines": 1, "excluded_lines": 0}, "missing_lines": [23], "excluded_lines": []}, "RateLimiter._cleanup_memory_cache": {"executed_lines": [32, 33, 34, 35, 37, 38, 40], "summary": {"covered_lines": 7, "num_statements": 9, "percent_covered": 77.77777777777777, "percent_covered_display": "78", "missing_lines": 2, "excluded_lines": 0}, "missing_lines": [39, 41], "excluded_lines": []}, "RateLimiter.is_allowed": {"executed_lines": [60, 61, 63, 64, 71], "summary": {"covered_lines": 5, "num_statements": 8, "percent_covered": 62.5, "percent_covered_display": "62", "missing_lines": 3, "excluded_lines": 0}, "missing_lines": [65, 77, 79], "excluded_lines": []}, "RateLimiter._check_redis_rate_limit": {"executed_lines": [], "summary": {"covered_lines": 0, "num_statements": 15, "percent_covered": 0.0, "percent_covered_display": "0", "missing_lines": 15, "excluded_lines": 0}, "missing_lines": [95, 96, 99, 100, 101, 102, 103, 105, 106, 108, 109, 110, 112, 114, 116], "excluded_lines": []}, "RateLimiter._check_memory_rate_limit": {"executed_lines": [132, 134, 135, 137, 138, 141, 142, 146, 147, 149, 150, 151, 153, 154, 156], "summary": {"covered_lines": 15, "num_statements": 15, "percent_covered": 100.0, "percent_covered_display": "100", "missing_lines": 0, "excluded_lines": 0}, "missing_lines": [], "excluded_lines": []}, "get_rate_limiter": {"executed_lines": [173, 174, 176, 177, 182, 187], "summary": {"covered_lines": 6, "num_statements": 11, "percent_covered": 54.54545454545455, "percent_covered_display": "55", "missing_lines": 5, "excluded_lines": 0}, "missing_lines": [178, 179, 180, 183, 185], "excluded_lines": []}, "rate_limit": {"executed_lines": [206, 207, 294], "summary": {"covered_lines": 3, "num_statements": 3, "percent_covered": 100.0, "percent_covered_display": "100", "missing_lines": 0, "excluded_lines": 0}, "missing_lines": [], "excluded_lines": []}, "rate_limit.decorator": {"executed_lines": [208, 292], "summary": {"covered_lines": 2, "num_statements": 2, "percent_covered": 100.0, "percent_covered_display": "100", "missing_lines": 0, "excluded_lines": 0}, "missing_lines": [], "excluded_lines": []}, "rate_limit.decorator.decorated_function": {"executed_lines": [210, 211, 214, 216, 217, 237, 238, 244, 245, 268, 271, 272, 274, 275, 278, 279, 280, 283, 284, 287, 288, 290], "summary": {"covered_lines": 22, "num_statements": 34, "percent_covered": 64.70588235294117, "percent_covered_display": "65", "missing_lines": 12, "excluded_lines": 0}, "missing_lines": [215, 218, 220, 222, 223, 224, 227, 228, 229, 230, 234, 276], "excluded_lines": []}, "standard_rate_limit": {"executed_lines": [343], "summary": {"covered_lines": 1, "num_statements": 1, "percent_covered": 100.0, "percent_covered_display": "100", "missing_lines": 0, "excluded_lines": 0}, "missing_lines": [], "excluded_lines": []}, "auth_rate_limit": {"executed_lines": [348], "summary": {"covered_lines": 1, "num_statements": 1, "percent_covered": 100.0, "percent_covered_display": "100", "missing_lines": 0, "excluded_lines": 0}, "missing_lines": [], "excluded_lines": []}, "user_rate_limit": {"executed_lines": [], "summary": {"covered_lines": 0, "num_statements": 1, "percent_covered": 0.0, "percent_covered_display": "0", "missing_lines": 1, "excluded_lines": 0}, "missing_lines": [353], "excluded_lines": []}, "": {"executed_lines": [1, 3, 4, 5, 6, 7, 8, 10, 11, 14, 15, 17, 21, 25, 43, 87, 124, 167, 170, 190, 298, 299, 302, 306, 310, 316, 320, 324, 330, 334, 341, 346, 351], "summary": {"covered_lines": 30, "num_statements": 30, "percent_covered": 100.0, "percent_covered_display": "100", "missing_lines": 0, "excluded_lines": 0}, "missing_lines": [], "excluded_lines": []}}, "classes": {"RateLimiter": {"executed_lines": [18, 19, 32, 33, 34, 35, 37, 38, 40, 60, 61, 63, 64, 71, 132, 134, 135, 137, 138, 141, 142, 146, 147, 149, 150, 151, 153, 154, 156], "summary": {"covered_lines": 29, "num_statements": 50, "percent_covered": 58.0, "percent_covered_display": "58", "missing_lines": 21, "excluded_lines": 0}, "missing_lines": [23, 39, 41, 65, 77, 79, 95, 96, 99, 100, 101, 102, 103, 105, 106, 108, 109, 110, 112, 114, 116], "excluded_lines": []}, "RateLimitConfig": {"executed_lines": [], "summary": {"covered_lines": 0, "num_statements": 0, "percent_covered": 100.0, "percent_covered_display": "100", "missing_lines": 0, "excluded_lines": 0}, "missing_lines": [], "excluded_lines": []}, "": {"executed_lines": [1, 3, 4, 5, 6, 7, 8, 10, 11, 14, 15, 17, 21, 25, 43, 87, 124, 167, 170, 173, 174, 176, 177, 182, 187, 190, 206, 207, 208, 210, 211, 214, 216, 217, 237, 238, 244, 245, 268, 271, 272, 274, 275, 278, 279, 280, 283, 284, 287, 288, 290, 292, 294, 298, 299, 302, 306, 310, 316, 320, 324, 330, 334, 341, 343, 346, 348, 351], "summary": {"covered_lines": 65, "num_statements": 83, "percent_covered": 78.3132530120482, "percent_covered_display": "78", "missing_lines": 18, "excluded_lines": 0}, "missing_lines": [178, 179, 180, 183, 185, 215, 218, 220, 222, 223, 224, 227, 228, 229, 230, 234, 276, 353], "excluded_lines": []}}}, "app/middleware/request_id.py": {"executed_lines": [1, 3, 4, 5, 6, 8, 10, 12, 15, 16, 18, 20, 21, 23, 25, 26, 28, 32, 34, 36, 38, 40, 42, 44, 45, 47, 50, 52, 53, 55, 58, 59, 61, 62, 64, 65, 67, 68, 69, 71, 72, 74, 77, 78, 79, 80, 83, 84, 86, 88, 89, 92, 93, 94, 96, 99, 100, 102, 104, 105, 106, 109, 112, 115, 118, 121, 122, 132, 135, 136, 139, 140, 146, 147, 148, 149, 150, 155, 156, 159, 171, 176, 177, 179, 182, 193, 195, 198, 199, 200, 202, 206, 207, 209, 218, 220, 222, 235, 237, 241, 243, 246, 249, 250, 252, 254, 255, 257, 258, 259, 260, 263, 265], "summary": {"covered_lines": 109, "num_statements": 121, "percent_covered": 90.08264462809917, "percent_covered_display": "90", "missing_lines": 12, "excluded_lines": 0}, "missing_lines": [29, 56, 75, 123, 125, 128, 162, 163, 165, 166, 168, 203], "excluded_lines": [], "functions": {"RequestIDManager.generate_request_id": {"executed_lines": [23], "summary": {"covered_lines": 1, "num_statements": 1, "percent_covered": 100.0, "percent_covered_display": "100", "missing_lines": 0, "excluded_lines": 0}, "missing_lines": [], "excluded_lines": []}, "RequestIDManager.extract_request_id": {"executed_lines": [28, 32, 34, 36, 38, 40, 42, 44, 45, 47, 50], "summary": {"covered_lines": 11, "num_statements": 12, "percent_covered": 91.66666666666667, "percent_covered_display": "92", "missing_lines": 1, "excluded_lines": 0}, "missing_lines": [29], "excluded_lines": []}, "RequestIDManager.set_request_id": {"executed_lines": [55, 58, 59, 61, 62], "summary": {"covered_lines": 5, "num_statements": 6, "percent_covered": 83.33333333333333, "percent_covered_display": "83", "missing_lines": 1, "excluded_lines": 0}, "missing_lines": [56], "excluded_lines": []}, "RequestIDManager.get_request_id": {"executed_lines": [67, 68, 69], "summary": {"covered_lines": 3, "num_statements": 3, "percent_covered": 100.0, "percent_covered_display": "100", "missing_lines": 0, "excluded_lines": 0}, "missing_lines": [], "excluded_lines": []}, "RequestIDManager.ensure_request_id": {"executed_lines": [74, 77, 78, 79, 80], "summary": {"covered_lines": 5, "num_statements": 6, "percent_covered": 83.33333333333333, "percent_covered_display": "83", "missing_lines": 1, "excluded_lines": 0}, "missing_lines": [75], "excluded_lines": []}, "RequestIDFilter.filter": {"executed_lines": [88, 89, 92, 93, 94, 96], "summary": {"covered_lines": 6, "num_statements": 6, "percent_covered": 100.0, "percent_covered_display": "100", "missing_lines": 0, "excluded_lines": 0}, "missing_lines": [], "excluded_lines": []}, "RequestAwareFormatter.format": {"executed_lines": [104, 105, 106], "summary": {"covered_lines": 3, "num_statements": 3, "percent_covered": 100.0, "percent_covered_display": "100", "missing_lines": 0, "excluded_lines": 0}, "missing_lines": [], "excluded_lines": []}, "init_request_id_logging": {"executed_lines": [112, 115, 118, 121, 122, 132, 135, 136, 139, 140, 146, 147, 148, 149, 150, 155, 156], "summary": {"covered_lines": 17, "num_statements": 20, "percent_covered": 85.0, "percent_covered_display": "85", "missing_lines": 3, "excluded_lines": 0}, "missing_lines": [123, 125, 128], "excluded_lines": []}, "request_id_required": {"executed_lines": [], "summary": {"covered_lines": 0, "num_statements": 3, "percent_covered": 0.0, "percent_covered_display": "0", "missing_lines": 3, "excluded_lines": 0}, "missing_lines": [162, 163, 168], "excluded_lines": []}, "request_id_required.decorated_function": {"executed_lines": [], "summary": {"covered_lines": 0, "num_statements": 2, "percent_covered": 0.0, "percent_covered_display": "0", "missing_lines": 2, "excluded_lines": 0}, "missing_lines": [165, 166], "excluded_lines": []}, "track_request_id": {"executed_lines": [176, 177, 237], "summary": {"covered_lines": 3, "num_statements": 3, "percent_covered": 100.0, "percent_covered_display": "100", "missing_lines": 0, "excluded_lines": 0}, "missing_lines": [], "excluded_lines": []}, "track_request_id.decorated_function": {"executed_lines": [179, 182, 193, 195, 198, 199, 200, 202, 206, 207, 209, 218, 220, 222, 235], "summary": {"covered_lines": 15, "num_statements": 16, "percent_covered": 93.75, "percent_covered_display": "94", "missing_lines": 1, "excluded_lines": 0}, "missing_lines": [203], "excluded_lines": []}, "request_id_middleware": {"executed_lines": [243], "summary": {"covered_lines": 1, "num_statements": 1, "percent_covered": 100.0, "percent_covered_display": "100", "missing_lines": 0, "excluded_lines": 0}, "missing_lines": [], "excluded_lines": []}, "setup_request_id_middleware": {"executed_lines": [249, 250, 254, 255, 263, 265], "summary": {"covered_lines": 6, "num_statements": 6, "percent_covered": 100.0, "percent_covered_display": "100", "missing_lines": 0, "excluded_lines": 0}, "missing_lines": [], "excluded_lines": []}, "setup_request_id_middleware.before_request": {"executed_lines": [252], "summary": {"covered_lines": 1, "num_statements": 1, "percent_covered": 100.0, "percent_covered_display": "100", "missing_lines": 0, "excluded_lines": 0}, "missing_lines": [], "excluded_lines": []}
[...]
"summary": {"covered_lines": 6, "num_statements": 8, "percent_covered": 75.0, "percent_covered_display": "75", "missing_lines": 2, "excluded_lines": 0}, "missing_lines": [291, 293], "excluded_lines": []}, "SecureLoggerAdapter.info": {"executed_lines": [297, 298, 299], "summary": {"covered_lines": 3, "num_statements": 8, "percent_covered": 37.5, "percent_covered_display": "38", "missing_lines": 5, "excluded_lines": 0}, "missing_lines": [300, 303, 304, 305, 307], "excluded_lines": []}, "SecureLoggerAdapter.debug": {"executed_lines": [311, 312, 313], "summary": {"covered_lines": 3, "num_statements": 8, "percent_covered": 37.5, "percent_covered_display": "38", "missing_lines": 5, "excluded_lines": 0}, "missing_lines": [314, 317, 318, 319, 321], "excluded_lines": []}, "SecureLoggerAdapter.critical": {"executed_lines": [325, 326, 327, 328, 331, 332], "summary": {"covered_lines": 6, "num_statements": 8, "percent_covered": 75.0, "percent_covered_display": "75", "missing_lines": 2, "excluded_lines": 0}, "missing_lines": [333, 335], "excluded_lines": []}, "": {"executed_lines": [1, 3, 4, 5, 8, 11, 12, 15, 124, 125, 143, 144, 217, 218, 232, 233, 235, 246, 267, 281, 295, 309, 323], "summary": {"covered_lines": 20, "num_statements": 20, "percent_covered": 100.0, "percent_covered_display": "100", "missing_lines": 0, "excluded_lines": 0}, "missing_lines": [], "excluded_lines": []}}, "classes": {"SecureLogger": {"executed_lines": [135, 136, 138, 139, 141, 154, 155, 157, 197, 198, 200, 201, 202, 203, 204, 205, 210, 211, 213, 215, 228, 229], "summary": {"covered_lines": 22, "num_statements": 22, "percent_covered": 100.0, "percent_covered_display": "100", "missing_lines": 0, "excluded_lines": 0}, "missing_lines": [], "excluded_lines": []}, "SecureLoggerAdapter": {"executed_lines": [243, 244, 258, 259, 262, 263, 265, 269, 270, 271, 283, 284, 285, 286, 289, 290, 297, 298, 299, 311, 312, 313, 325, 326, 327, 328, 331, 332], "summary": {"covered_lines": 28, "num_statements": 47, "percent_covered": 59.57446808510638, "percent_covered_display": "60", "missing_lines": 19, "excluded_lines": 0}, "missing_lines": [272, 275, 276, 277, 279, 291, 293, 300, 303, 304, 305, 307, 314, 317, 318, 319, 321, 333, 335], "excluded_lines": []}, "": {"executed_lines": [1, 3, 4, 5, 8, 11, 12, 15, 124, 125, 143, 144, 217, 218, 232, 233, 235, 246, 267, 281, 295, 309, 323], "summary": {"covered_lines": 20, "num_statements": 20, "percent_covered": 100.0, "percent_covered_display": "100", "missing_lines": 0, "excluded_lines": 0}, "missing_lines": [], "excluded_lines": []}}}, "app/utils/service_manager.py": {"executed_lines": [1, 10, 11, 12, 13, 14, 17, 18, 20, 21, 22, 23, 24, 27, 28, 30, 31, 34, 35, 37, 39, 40, 42, 59, 60, 62, 69, 73, 81, 87, 88, 89, 90, 92, 100, 106, 107, 108, 110, 120, 122, 132, 133, 135, 145, 147, 157, 164, 165, 173, 180, 182, 189, 190, 192, 193, 195, 197, 201, 202, 204, 206, 207, 208, 209, 210, 212, 223, 227, 230, 231, 234, 235, 238, 242, 245, 252, 253, 256, 288, 291, 293, 294, 297, 298, 299, 301, 303, 304, 307, 308, 309, 311, 314, 315, 317, 319, 320, 323, 328, 329, 331, 332, 335, 340, 341, 352, 353, 358, 361, 364, 377, 380, 381, 383, 384, 386], "summary": {"covered_lines": 113, "num_statements": 124, "percent_covered": 91.12903225806451, "percent_covered_display": "91", "missing_lines": 11, "excluded_lines": 0}, "missing_lines": [82, 85, 101, 104, 158, 225, 336, 342, 345, 346, 349], "excluded_lines": [], "functions": {"ServiceManager.__init__": {"executed_lines": [39, 40], "summary": {"covered_lines": 2, "num_statements": 2, "percent_covered": 100.0, "percent_covered_display": "100", "missing_lines": 0, "excluded_lines": 0}, "missing_lines": [], "excluded_lines": []}, "ServiceManager.register_service": {"executed_lines": [59, 60, 62, 69], "summary": {"covered_lines": 4, "num_statements": 4, "percent_covered": 100.0, "percent_covered_display": "100", "missing_lines": 0, "excluded_lines": 0}, "missing_lines": [], "excluded_lines": []}, "ServiceManager.set_service_instance": {"executed_lines": [81, 87, 88, 89, 90], "summary": {"covered_lines": 5, "num_statements": 7, "percent_covered": 71.42857142857143, "percent_covered_display": "71", "missing_lines": 2, "excluded_lines": 0}, "missing_lines": [82, 85], "excluded_lines": []}, "ServiceManager.set_service_error": {"executed_lines": [100, 106, 107, 108], "summary": {"covered_lines": 4, "num_statements": 6, "percent_covered": 66.66666666666667, "percent_covered_display": "67", "missing_lines": 2, "excluded_lines": 0}, "missing_lines": [101, 104], "excluded_lines": []}, "ServiceManager.is_service_enabled": {"executed_lines": [120], "summary": {"covered_lines": 1, "num_statements": 1, "percent_covered": 100.0, "percent_covered_display": "100", "missing_lines": 0, "excluded_lines": 0}, "missing_lines": [], "excluded_lines": []}, "ServiceManager.is_service_required": {"executed_lines": [132, 133], "summary": {"covered_lines": 2, "num_statements": 2, "percent_covered": 100.0, "percent_covered_display": "100", "missing_lines": 0, "excluded_lines": 0}, "missing_lines": [], "excluded_lines": []}, "ServiceManager.is_service_registered": {"executed_lines": [145], "summary": {"covered_lines": 1, "num_statements": 1, "percent_covered": 100.0, "percent_covered_display": "100", "missing_lines": 0, "excluded_lines": 0}, "missing_lines": [], "excluded_lines": []}, "ServiceManager.get_service_status": {"executed_lines": [157, 164, 165], "summary": {"covered_lines": 3, "num_statements": 4, "percent_covered": 75.0, "percent_covered_display": "75", "missing_lines": 1, "excluded_lines": 0}, "missing_lines": [158], "excluded_lines": []}, "ServiceManager.get_all_services_status": {"executed_lines": [180], "summary": {"covered_lines": 1, "num_statements": 1, "percent_covered": 100.0, "percent_covered_display": "100", "missing_lines": 0, "excluded_lines": 0}, "missing_lines": [], "excluded_lines": []}, "ServiceManager.get_overall_health": {"executed_lines": [189, 190, 192, 193, 195, 197, 201, 202, 204, 206, 207, 208, 209, 210], "summary": {"covered_lines": 14, "num_statements": 14, "percent_covered": 100.0, "percent_covered_display": "100", "missing_lines": 0, "excluded_lines": 0}, "missing_lines": [], "excluded_lines": []}, "ServiceManager.should_raise_error": {"executed_lines": [223, 227, 230, 231, 234, 235, 238], "summary": {"covered_lines": 7, "num_statements": 8, "percent_covered": 87.5, "percent_covered_display": "88", "missing_lines": 1, "excluded_lines": 0}, "missing_lines": [225], "excluded_lines": []}, "should_skip_external_services": {"executed_lines": [252, 253], "summary": {"covered_lines": 2, "num_statements": 2, "percent_covered": 100.0, "percent_covered_display": "100", "missing_lines": 0, "excluded_lines": 0}, "missing_lines": [], "excluded_lines": []}, "initialize_service": {"executed_lines": [288, 291, 293, 294, 297, 298, 299, 301, 303, 304, 307, 308, 309, 311, 314, 315, 317, 319, 320, 323, 328, 329, 331, 332, 335, 340, 341, 352, 353, 358, 361], "summary": {"covered_lines": 31, "num_statements": 36, "percent_covered": 86.11111111111111, "percent_covered_display": "86", "missing_lines": 5, "excluded_lines": 0}, "missing_lines": [336, 342, 345, 346, 349], "excluded_lines": []}, "get_service_config": {"executed_lines": [377, 380, 381, 383, 384, 386], "summary": {"covered_lines": 6, "num_statements": 6, "percent_covered": 100.0, "percent_covered_display": "100", "missing_lines": 0, "excluded_lines": 0}, "missing_lines": [], "excluded_lines": []}, "": {"executed_lines": [1, 10, 11, 12, 13, 14, 17, 18, 20, 21, 22, 23, 24, 27, 28, 30, 31, 34, 35, 37, 42, 73, 92, 110, 122, 135, 147, 173, 182, 212, 242, 245, 256, 364], "summary": {"covered_lines": 30, "num_statements": 30, "percent_covered": 100.0, "percent_covered_display": "100", "missing_lines": 0, "excluded_lines": 0}, "missing_lines": [], "excluded_lines": []}}, "classes": {"ServiceStatus": {"executed_lines": [], "summary": {"covered_lines": 0, "num_statements": 0, "percent_covered": 100.0, "percent_covered_display": "100", "missing_lines": 0, "excluded_lines": 0}, "missing_lines": [], "excluded_lines": []}, "ServiceType": {"executed_lines": [], "summary": {"covered_lines": 0, "num_statements": 0, "percent_covered": 100.0, "percent_covered_display": "100", "missing_lines": 0, "excluded_lines": 0}, "missing_lines": [], "excluded_lines": []}, "ServiceManager": {"executed_lines": [39, 40, 59, 60, 62, 69, 81, 87, 88, 89, 90, 100, 106, 107, 108, 120, 132, 133, 145, 157, 164, 165, 180, 189, 190, 192, 193, 195, 197, 201, 202, 204, 206, 207, 208, 209, 210, 223, 227, 230, 231, 234, 235, 238], "summary": {"covered_lines": 44, "num_statements": 50, "percent_covered": 88.0, "percent_covered_display": "88", "missing_lines": 6, "excluded_lines": 0}, "missing_lines": [82, 85, 101, 104, 158, 225], "excluded_lines": []}, "": {"executed_lines": [1, 10, 11, 12, 13, 14, 17, 18, 20, 21, 22, 23, 24, 27, 28, 30, 31, 34, 35, 37, 42, 73, 92, 110, 122, 135, 147, 173, 182, 212, 242, 245, 252, 253, 256, 288, 291, 293, 294, 297, 298, 299, 301, 303, 304, 307, 308, 309, 311, 314, 315, 317, 319, 320, 323, 328, 329, 331, 332, 335, 340, 341, 352, 353, 358, 361, 364, 377, 380, 381, 383, 384, 386], "summary": {"covered_lines": 69, "num_statements": 74, "percent_covered": 93.24324324324324, "percent_covered_display": "93", "missing_lines": 5, "excluded_lines": 0}, "missing_lines": [336, 342, 345, 346, 349], "excluded_lines": []}}}, "app/utils/status_utils.py": {"executed_lines": [1, 17, 18, 19, 26, 27, 29, 30, 31, 32, 35, 41, 44, 58, 59, 61, 62, 65, 77, 78, 80, 81, 84, 95, 98, 122, 123, 125, 127, 128, 130, 131, 133, 134, 137, 138, 139, 140, 142, 145, 170, 171, 174, 175, 178, 183, 186, 188, 192, 196, 200, 203, 219], "summary": {"covered_lines": 51, "num_statements": 53, "percent_covered": 96.22641509433963, "percent_covered_display": "96", "missing_lines": 2, "excluded_lines": 0}, "missing_lines": [193, 197], "excluded_lines": [], "functions": {"utc_now": {"executed_lines": [41], "summary": {"covered_lines": 1, "num_statements": 1, "percent_covered": 100.0, "percent_covered_display": "100", "missing_lines": 0, "excluded_lines": 0}, "missing_lines": [], "excluded_lines": []}, "is_heartbeat_stale": {"executed_lines": [58, 59, 61, 62], "summary": {"covered_lines": 4, "num_statements": 4, "percent_covered": 100.0, "percent_covered_display": "100", "missing_lines": 0, "excluded_lines": 0}, "missing_lines": [], "excluded_lines": []}, "get_time_since_last_heartbeat": {"executed_lines": [77, 78, 80, 81], "summary": {"covered_lines": 4, "num_statements": 4, "percent_covered": 100.0, "percent_covered_display": "100", "missing_lines": 0, "excluded_lines": 0}, "missing_lines": [], "excluded_lines": []}, "is_recovering": {"executed_lines": [95], "summary": {"covered_lines": 1, "num_statements": 1, "percent_covered": 100.0, "percent_covered_display": "100", "missing_lines": 0, "excluded_lines": 0}, "missing_lines": [], "excluded_lines": []}, "compute_health_score": {"executed_lines": [122, 123, 125, 127, 128, 130, 131, 133, 134, 137, 138, 139, 140, 142], "summary": {"covered_lines": 14, "num_statements": 14, "percent_covered": 100.0, "percent_covered_display": "100", "missing_lines": 0, "excluded_lines": 0}, "missing_lines": [], "excluded_lines": []}, "compute_availability_level": {"executed_lines": [170, 171, 174, 175, 178, 183, 186, 188, 192, 196, 200], "summary": {"covered_lines": 11, "num_statements": 13, "percent_covered": 84.61538461538461, "percent_covered_display": "85", "missing_lines": 2, "excluded_lines": 0}, "missing_lines": [193, 197], "excluded_lines": []}, "record_error": {"executed_lines": [219], "summary": {"covered_lines": 1, "num_statements": 1, "percent_covered": 100.0, "percent_covered_display": "100", "missing_lines": 0, "excluded_lines": 0}, "missing_lines": [], "excluded_lines": []}, "": {"executed_lines": [1, 17, 18, 19, 26, 27, 29, 30, 31, 32, 35, 44, 65, 84, 98, 145, 203], "summary": {"covered_lines": 15, "num_statements": 15, "percent_covered": 100.0, "percent_covered_display": "100", "missing_lines": 0, "excluded_lines": 0}, "missing_lines": [], "excluded_lines": []}}, "classes": {"AvailabilityLevel": {"executed_lines": [], "summary": {"covered_lines": 0, "num_statements": 0, "percent_covered": 100.0, "percent_covered_display": "100", "missing_lines": 0, "excluded_lines": 0}, "missing_lines": [], "excluded_lines": []}, "": {"executed_lines": [1, 17, 18, 19, 26, 27, 29, 30, 31, 32, 35, 41, 44, 58, 59, 61, 62, 65, 77, 78, 80, 81, 84, 95, 98, 122, 123, 125, 127, 128, 130, 131, 133, 134, 137, 138, 139, 140, 142, 145, 170, 171, 174, 175, 178, 183, 186, 188, 192, 196, 200, 203, 219], "summary": {"covered_lines": 51, "num_statements": 53, "percent_covered": 96.22641509433963, "percent_covered_display": "96", "missing_lines": 2, "excluded_lines": 0}, "missing_lines": [193, 197], "excluded_lines": []}}}, "app/utils/user_batch_manager.py": {"executed_lines": [1, 7, 9, 10, 13, 14, 16, 17, 27, 30, 32, 33, 43, 46, 50, 51, 60, 71, 72, 73, 82, 84, 85, 95, 98, 102, 103, 105, 106, 116, 119, 123, 124, 126, 127, 138, 141, 145, 146, 148, 149, 156, 163, 165, 166, 177, 179, 182, 184, 185, 192, 199], "summary": {"covered_lines": 50, "num_statements": 56, "percent_covered": 89.28571428571429, "percent_covered_display": "89", "missing_lines": 6, "excluded_lines": 0}, "missing_lines": [28, 44, 96, 117, 139, 180], "excluded_lines": [], "functions": {"UserBatchManager.get_users_by_company": {"executed_lines": [27, 30], "summary": {"covered_lines": 2, "num_statements": 3, "percent_covered": 66.66666666666667, "percent_covered_display": "67", "missing_lines": 1, "excluded_lines": 0}, "missing_lines": [28], "excluded_lines": []}, "UserBatchManager.get_users_by_company_identifier": {"executed_lines": [43, 46], "summary": {"covered_lines": 2, "num_statements": 3, "percent_covered": 66.66666666666667, "percent_covered_display": "67", "missing_lines": 1, "excluded_lines": 0}, "missing_lines": [44], "excluded_lines": []}, "UserBatchManager.get_company_statistics": {"executed_lines": [60, 71, 72, 73, 82], "summary": {"covered_lines": 5, "num_statements": 5, "percent_covered": 100.0, "percent_covered_display": "100", "missing_lines": 0, "excluded_lines": 0}, "missing_lines": [], "excluded_lines": []}, "UserBatchManager.batch_activate_users": {"executed_lines": [95, 98, 102, 103], "summary": {"covered_lines": 4, "num_statements": 5, "percent_covered": 80.0, "percent_covered_display": "80", "missing_lines": 1, "excluded_lines": 0}, "missing_lines": [96], "excluded_lines": []}, "UserBatchManager.batch_deactivate_users": {"executed_lines": [116, 119, 123, 124], "summary": {"covered_lines": 4, "num_statements": 5, "percent_covered": 80.0, "percent_covered_display": "80", "missing_lines": 1, "excluded_lines": 0}, "missing_lines": [117], "excluded_lines": []}, "UserBatchManager.batch_update_company": {"executed_lines": [138, 141, 145, 146], "summary": {"covered_lines": 4, "num_statements": 5, "percent_covered": 80.0, "percent_covered_display": "80", "missing_lines": 1, "excluded_lines": 0}, "missing_lines": [139], "excluded_lines": []}, "UserBatchManager.get_unique_companies": {"executed_lines": [156, 163], "summary": {"covered_lines": 2, "num_statements": 2, "percent_covered": 100.0, "percent_covered_display": "100", "missing_lines": 0, "excluded_lines": 0}, "missing_lines": [], "excluded_lines": []}, "UserBatchManager.get_users_by_department": {"executed_lines": [177, 179, 182], "summary": {"covered_lines": 3, "num_statements": 4, "percent_covered": 75.0, "percent_covered_display": "75", "missing_lines": 1, "excluded_lines": 0}, "missing_lines": [180], "excluded_lines": []}, "UserBatchManager.count_users_by_company": {"executed_lines": [192, 199], "summary": {"covered_lines": 2, "num_statements": 2, "percent_covered": 100.0, "percent_covered_display": "100", "missing_lines": 0, "excluded_lines": 0}, "missing_lines": [], "excluded_lines": []}, "": {"executed_lines": [1, 7, 9, 10, 13, 14, 16, 17, 32, 33, 50, 51, 84, 85, 105, 106, 126, 127, 148, 149, 165, 166, 184, 185], "summary": {"covered_lines": 22, "num_statements": 22, "percent_covered": 100.0, "percent_covered_display": "100", "missing_lines": 0, "excluded_lines": 0}, "missing_lines": [], "excluded_lines": []}}, "classes": {"UserBatchManager": {"executed_lines": [27, 30, 43, 46, 60, 71, 72, 73, 82, 95, 98, 102, 103, 116, 119, 123, 124, 138, 141, 145, 146, 156, 163, 177, 179, 182, 192, 199], "summary": {"covered_lines": 28, "num_statements": 34, "percent_covered": 82.3529411764706, "percent_covered_display": "82", "missing_lines": 6, "excluded_lines": 0}, "missing_lines": [28, 44, 96, 117, 139, 180], "excluded_lines": []}, "": {"executed_lines": [1, 7, 9, 10, 13, 14, 16, 17, 32, 33, 50, 51, 84, 85, 105, 106, 126, 127, 148, 149, 165, 166, 184, 185], "summary": {"covered_lines": 22, "num_statements": 22, "percent_covered": 100.0, "percent_covered_display": "100", "missing_lines": 0, "excluded_lines": 0}, "missing_lines": [], "excluded_lines": []}}}, "app/utils/user_permissions_fix.py": {"executed_lines": [1, 8, 9, 11, 13, 16, 30, 32, 54, 56, 58, 68, 70, 74, 77, 78, 79, 82, 83, 86, 101, 104, 106, 108, 110, 111, 112], "summary": {"covered_lines": 26, "num_statements": 28, "percent_covered": 92.85714285714286, "percent_covered_display": "93", "missing_lines": 2, "excluded_lines": 0}, "missing_lines": [71, 72], "excluded_lines": [], "functions": {"fix_user_permissions": {"executed_lines": [30, 32, 54, 56, 58, 68, 70, 74, 77, 78, 79, 82, 83, 86, 101, 104, 106, 108, 110, 111, 112], "summary": {"covered_lines": 21, "num_statements": 23, "percent_covered": 91.30434782608695, "percent_covered_display": "91", "missing_lines": 2, "excluded_lines": 0}, "missing_lines": [71, 72], "excluded_lines": []}, "": {"executed_lines": [1, 8, 9, 11, 13, 16], "summary": {"covered_lines": 5, "num_statements": 5, "percent_covered": 100.0, "percent_covered_display": "100", "missing_lines": 0, "excluded_lines": 0}, "missing_lines": [], "excluded_lines": []}}, "classes": {"": {"executed_lines": [1, 8, 9, 11, 13, 16, 30, 32, 54, 56, 58, 68, 70, 74, 77, 78, 79, 82, 83, 86, 101, 104, 106, 108, 110, 111, 112], "summary": {"covered_lines": 26, "num_statements": 28, "percent_covered": 92.85714285714286, "percent_covered_display": "93", "missing_lines": 2, "excluded_lines": 0}, "missing_lines": [71, 72], "excluded_lines": []}}}, "app/utils/validation.py": {"executed_lines": [1, 3, 4, 6, 7, 9, 12, 31, 32, 33, 35, 37, 38, 39, 41, 44, 54, 56], "summary": {"covered_lines": 17, "num_statements": 17, "percent_covered": 100.0, "percent_covered_display": "100", "missing_lines": 0, "excluded_lines": 0}, "missing_lines": [], "excluded_lines": [], "functions": {"validate_json_request": {"executed_lines": [31, 32, 56], "summary": {"covered_lines": 3, "num_statements": 3, "percent_covered": 100.0, "percent_covered_display": "100", "missing_lines": 0, "excluded_lines": 0}, "missing_lines": [], "excluded_lines": []}, "validate_json_request.decorated_function": {"executed_lines": [33, 35, 37, 38, 39, 41, 44, 54], "summary": {"covered_lines": 8, "num_statements": 8, "percent_covered": 100.0, "percent_covered_display": "100", "missing_lines": 0, "excluded_lines": 0}, "missing_lines": [], "excluded_lines": []}, "": {"executed_lines": [1, 3, 4, 6, 7, 9, 12], "summary": {"covered_lines": 6, "num_statements": 6, "percent_covered": 100.0, "percent_covered_display": "100", "missing_lines": 0, "excluded_lines": 0}, "missing_lines": [], "excluded_lines": []}}, "classes": {"": {"executed_lines": [1, 3, 4, 6, 7, 9, 12, 31, 32, 33, 35, 37, 38, 39, 41, 44, 54, 56], "summary": {"covered_lines": 17, "num_statements": 17, "percent_covered": 100.0, "percent_covered_display": "100", "missing_lines": 0, "excluded_lines": 0}, "missing_lines": [], "excluded_lines": []}}}}, "totals": {"covered_lines": 5364, "num_statements": 7967, "percent_covered": 67.32772687335257, "percent_covered_display": "67", "missing_lines": 2603, "excluded_lines": 15}}